/home/brando90/home_simulation_research/overparametrized_experiments/pytorch_experiments
SLURM_ARRAY_TASK_ID =  16
SLURM_JOBID =  9700025

--Degree_mdl=4 
--degrees=[3, 4, 5, 6, 7, 8] 
--SLURM_ARRAY_TASK_ID=16 

reg_lambda =  0
nb_iter =  200
N_train=7, N_test=200
--->training SP mdl
nb =  200
reg_lambda =  0
reg_type =  
mdl_sgd[0].weight=Parameter containing:
 0  0  0  0  0
[torch.FloatTensor of size 1x5]

reg_lambda=0
-------------
i = 0, current_train_loss = [ 0.42630515]
W.data = 
1.00000e-03 *
  0.0000  8.2479  8.2479  7.7896  7.3314
[torch.FloatTensor of size 1x5]

W.grad.data = 
1.00000e-02 *
  0.0000 -8.2479 -8.2479 -7.7896 -7.3314
[torch.FloatTensor of size 1x5]

-------------
i = 20, current_train_loss = [ 0.4158943]
W.data = 
1.00000e-02 *
 -7.7276  6.3610  6.7799  6.3893  5.9307
[torch.FloatTensor of size 1x5]

W.grad.data = 
1.00000e-02 *
  2.6384 -1.6115 -1.4906 -1.2436 -1.0349
[torch.FloatTensor of size 1x5]

-------------
i = 40, current_train_loss = [ 0.41472992]
W.data = 
-0.1096  0.0884  0.0860  0.0760  0.0670
[torch.FloatTensor of size 1x5]

W.grad.data = 
1.00000e-02 *
  0.9779 -1.0033 -0.5512 -0.2145  0.0129
[torch.FloatTensor of size 1x5]

-------------
i = 60, current_train_loss = [ 0.41445437]
W.data = 
-0.1225  0.1058  0.0933  0.0764  0.0628
[torch.FloatTensor of size 1x5]

W.grad.data = 
1.00000e-03 *
  4.3812 -7.7627 -2.4594  1.0135  3.2322
[torch.FloatTensor of size 1x5]

-------------
i = 80, current_train_loss = [ 0.41429016]
W.data = 
-0.1290  0.1201  0.0969  0.0732  0.0554
[torch.FloatTensor of size 1x5]

W.grad.data = 
1.00000e-03 *
  2.5720 -6.7287 -1.4315  1.9069  3.9993
[torch.FloatTensor of size 1x5]

-------------
i = 100, current_train_loss = [ 0.4141553]
W.data = 
-0.1334  0.1329  0.0994  0.0691  0.0473
[torch.FloatTensor of size 1x5]

W.grad.data = 
1.00000e-03 *
  1.9143 -6.1104 -1.0536  2.0853  4.0362
[torch.FloatTensor of size 1x5]

-------------
i = 120, current_train_loss = [ 0.41403908]
W.data = 
-0.1369  0.1446  0.1013  0.0650  0.0394
[torch.FloatTensor of size 1x5]

W.grad.data = 
1.00000e-03 *
  1.6297 -5.6445 -0.8866  2.0426  3.8545
[torch.FloatTensor of size 1x5]

-------------
i = 140, current_train_loss = [ 0.41393837]
W.data = 
-0.1400  0.1554  0.1029  0.0610  0.0319
[torch.FloatTensor of size 1x5]

W.grad.data = 
1.00000e-03 *
  1.4691 -5.2457 -0.7901  1.9363  3.6161
[torch.FloatTensor of size 1x5]

-------------
i = 160, current_train_loss = [ 0.41385093]
W.data = 
-0.1428  0.1655  0.1044  0.0573  0.0249
[torch.FloatTensor of size 1x5]

W.grad.data = 
1.00000e-03 *
  1.3532 -4.8854 -0.7190  1.8160  3.3721
[torch.FloatTensor of size 1x5]

-------------
i = 180, current_train_loss = [ 0.41377512]
W.data = 
-0.1454  0.1750  0.1058  0.0538  0.0184
[torch.FloatTensor of size 1x5]

W.grad.data = 
1.00000e-03 *
  1.2556 -4.5535 -0.6589  1.6971  3.1378
[torch.FloatTensor of size 1x5]

--- 0.21973514556884766 seconds ---
--- 0.003662252426147461 minutes ---
--- 6.103754043579101e-05 hours ---

plotting={'save_bulk_experiment': True, 'plotting': False}
lb_test=
