/home/brando90/home_simulation_research/overparametrized_experiments/pytorch_experiments
SLURM_ARRAY_TASK_ID =  21
SLURM_JOBID =  9699816

--Degree_mdl=5 
--degrees=[3, 4, 5, 6, 7, 8] 
--SLURM_ARRAY_TASK_ID=21 

reg_lambda =  0
nb_iter =  800000
N_train=7, N_test=200
--->training SP mdl
nb =  800000
reg_lambda =  0
reg_type =  
reg_lambda=0
-------------
i = 0, current_train_loss = [ 0.42593381]
W.data = 
-2.7992e-17  8.2479e-03  8.2479e-03  7.7896e-03  7.3314e-03  6.7841e-03
[torch.FloatTensor of size 1x6]

W.grad.data = 
 2.7992e-16 -8.2479e-02 -8.2479e-02 -7.7896e-02 -7.3314e-02 -6.7841e-02
[torch.FloatTensor of size 1x6]

-------------
i = 80000, current_train_loss = [ 0.4082202]
W.data = 
-0.1911  0.8607 -1.9736  0.2909  4.6952 -3.5192
[torch.FloatTensor of size 1x6]

W.grad.data = 
1.00000e-04 *
  0.0218 -0.6996  2.1967  0.2814 -5.4705  3.7021
[torch.FloatTensor of size 1x6]

-------------
i = 160000, current_train_loss = [ 0.4049257]
W.data = 
-0.2058  1.3203 -3.3413 -0.2360  8.7952 -6.1767
[torch.FloatTensor of size 1x6]

W.grad.data = 
1.00000e-04 *
  0.0150 -0.4632  1.2757  0.9917 -4.8162  2.9817
[torch.FloatTensor of size 1x6]

-------------
i = 240000, current_train_loss = [ 0.40245456]
W.data = 
 -0.2161   1.6205  -4.0874  -1.2492  12.4382  -8.3555
[torch.FloatTensor of size 1x6]

W.grad.data = 
1.00000e-04 *
  0.0113 -0.2917  0.6234  1.5034 -4.3364  2.4837
[torch.FloatTensor of size 1x6]

-------------
i = 320000, current_train_loss = [ 0.40040389]
W.data = 
 -0.2234   1.8070  -4.3908  -2.6084  15.7557 -10.1935
[torch.FloatTensor of size 1x6]

W.grad.data = 
1.00000e-04 *
  0.0033 -0.1797  0.1631  1.8766 -3.9793  2.1433
[torch.FloatTensor of size 1x6]

-------------
i = 400000, current_train_loss = [ 0.3985658]
W.data = 
 -0.2284   1.9131  -4.3787  -4.2179  18.8467 -11.7909
[torch.FloatTensor of size 1x6]

W.grad.data = 
1.00000e-04 *
  0.0080 -0.0810 -0.1671  2.1385 -3.7197  1.9098
[torch.FloatTensor of size 1x6]

-------------
i = 480000, current_train_loss = [ 0.39684469]
W.data = 
 -0.2318   1.9609  -4.1415  -5.9984  21.7631 -13.2104
[torch.FloatTensor of size 1x6]

W.grad.data = 
1.00000e-04 *
  0.0067 -0.0265 -0.4063  2.3223 -3.5310  1.7482
[torch.FloatTensor of size 1x6]

-------------
i = 560000, current_train_loss = [ 0.39518973]
W.data = 
 -0.2341   1.9669  -3.7447  -7.8949  24.5483 -14.5012
[torch.FloatTensor of size 1x6]

W.grad.data = 
1.00000e-04 *
  0.0029  0.0151 -0.5654  2.4384 -3.4329  1.5736
[torch.FloatTensor of size 1x6]

-------------
i = 640000, current_train_loss = [ 0.39354882]
W.data = 
 -0.2356   1.9470  -3.2418  -9.8914  27.2863 -15.7255
[torch.FloatTensor of size 1x6]

W.grad.data = 
1.00000e-04 *
 -0.0039  0.0346 -0.6973  2.5245 -3.3415  1.4724
[torch.FloatTensor of size 1x6]

-------------
i = 720000, current_train_loss = [ 0.39195454]
W.data = 
 -0.2365   1.9005  -2.6409 -11.9388  29.9007 -16.8469
[torch.FloatTensor of size 1x6]

W.grad.data = 
1.00000e-04 *
 -0.0030  0.0638 -0.7791  2.5777 -3.2729  1.4268
[torch.FloatTensor of size 1x6]

--- 398.45584416389465 seconds ---
--- 6.640930736064911 minutes ---
--- 0.11068217893441519 hours ---

plotting={'save_bulk_experiment': True, 'plotting': False}
lb_test=
