/home/brando90/home_simulation_research/overparametrized_experiments/pytorch_experiments
SLURM_ARRAY_TASK_ID =  5
SLURM_JOBID =  9699800

--Degree_mdl=3 
--degrees=[3, 4, 5, 6, 7, 8] 
--SLURM_ARRAY_TASK_ID=5 

reg_lambda =  0
nb_iter =  800000
N_train=7, N_test=200
--->training SP mdl
nb =  800000
reg_lambda =  0
reg_type =  
reg_lambda=0
-------------
i = 0, current_train_loss = [ 0.42675892]
W.data = 
1.00000e-03 *
  0.0000  8.2479  8.2479  7.7896
[torch.FloatTensor of size 1x4]

W.grad.data = 
1.00000e-02 *
  0.0000 -8.2479 -8.2479 -7.7896
[torch.FloatTensor of size 1x4]

-------------
i = 80000, current_train_loss = [ 0.41326532]
W.data = 
-0.1855  0.3691  0.0052 -0.0034
[torch.FloatTensor of size 1x4]

W.grad.data = 
1.00000e-06 *
  0.0820 -0.7302  1.8775 -1.2070
[torch.FloatTensor of size 1x4]

-------------
i = 160000, current_train_loss = [ 0.41326532]
W.data = 
-0.1856  0.3710  0.0003 -0.0002
[torch.FloatTensor of size 1x4]

W.grad.data = 
1.00000e-07 *
  0.0000 -1.4156  0.7823 -0.6612
[torch.FloatTensor of size 1x4]

-------------
i = 240000, current_train_loss = [ 0.41326532]
W.data = 
-0.1856  0.3711  0.0001 -0.0001
[torch.FloatTensor of size 1x4]

W.grad.data = 
1.00000e-07 *
  0.1490 -1.3411 -0.0512 -0.0338
[torch.FloatTensor of size 1x4]

-------------
i = 320000, current_train_loss = [ 0.41326529]
W.data = 
-0.1856  0.3711  0.0001 -0.0001
[torch.FloatTensor of size 1x4]

W.grad.data = 
1.00000e-07 *
  0.0000 -1.4901  0.0186 -0.0931
[torch.FloatTensor of size 1x4]

-------------
i = 400000, current_train_loss = [ 0.41326532]
W.data = 
-0.1856  0.3711  0.0001 -0.0001
[torch.FloatTensor of size 1x4]

W.grad.data = 
1.00000e-07 *
 -0.2980 -1.1176  0.0373  0.0373
[torch.FloatTensor of size 1x4]

-------------
i = 480000, current_train_loss = [ 0.41326532]
W.data = 
-0.1856  0.3711  0.0001 -0.0001
[torch.FloatTensor of size 1x4]

W.grad.data = 
1.00000e-07 *
 -0.4471 -1.1176  0.1117  0.0186
[torch.FloatTensor of size 1x4]

-------------
i = 560000, current_train_loss = [ 0.41326532]
W.data = 
-0.1856  0.3711  0.0001 -0.0001
[torch.FloatTensor of size 1x4]

W.grad.data = 
1.00000e-07 *
 -0.2980 -1.3411  0.0000  0.0000
[torch.FloatTensor of size 1x4]

-------------
i = 640000, current_train_loss = [ 0.41326532]
W.data = 
-0.1856  0.3711  0.0001 -0.0001
[torch.FloatTensor of size 1x4]

W.grad.data = 
1.00000e-07 *
 -0.4470 -1.1921 -0.0373  0.0373
[torch.FloatTensor of size 1x4]

-------------
i = 720000, current_train_loss = [ 0.41326532]
W.data = 
-0.1856  0.3711  0.0001 -0.0001
[torch.FloatTensor of size 1x4]

W.grad.data = 
1.00000e-07 *
 -0.1511 -1.1931  0.0740  0.0556
[torch.FloatTensor of size 1x4]

--- 634.7652804851532 seconds ---
--- 10.57942134141922 minutes ---
--- 0.17632368902365367 hours ---

plotting={'save_bulk_experiment': True, 'plotting': False}
lb_test=
