/home/brando90/home_simulation_research/overparametrized_experiments/pytorch_experiments
SLURM_ARRAY_TASK_ID =  8
SLURM_JOBID =  9699803

--Degree_mdl=3 
--degrees=[3, 4, 5, 6, 7, 8] 
--SLURM_ARRAY_TASK_ID=8 

reg_lambda =  0
nb_iter =  800000
N_train=7, N_test=200
--->training SP mdl
nb =  800000
reg_lambda =  0
reg_type =  
reg_lambda=0
-------------
i = 0, current_train_loss = [ 0.42675892]
W.data = 
1.00000e-03 *
  0.0000  8.2479  8.2479  7.7896
[torch.FloatTensor of size 1x4]

W.grad.data = 
1.00000e-02 *
  0.0000 -8.2479 -8.2479 -7.7896
[torch.FloatTensor of size 1x4]

-------------
i = 80000, current_train_loss = [ 0.41326532]
W.data = 
-0.1855  0.3691  0.0052 -0.0034
[torch.FloatTensor of size 1x4]

W.grad.data = 
1.00000e-06 *
  0.0596 -0.7458  1.8691 -1.2307
[torch.FloatTensor of size 1x4]

-------------
i = 160000, current_train_loss = [ 0.41326532]
W.data = 
-0.1856  0.3710  0.0003 -0.0002
[torch.FloatTensor of size 1x4]

W.grad.data = 
1.00000e-07 *
  0.0000 -1.5165  0.8546 -0.6216
[torch.FloatTensor of size 1x4]

-------------
i = 240000, current_train_loss = [ 0.41326532]
W.data = 
-0.1856  0.3711  0.0001 -0.0001
[torch.FloatTensor of size 1x4]

W.grad.data = 
1.00000e-07 *
  0.0000 -1.2884  0.0833 -0.0190
[torch.FloatTensor of size 1x4]

-------------
i = 320000, current_train_loss = [ 0.41326532]
W.data = 
-0.1856  0.3711  0.0001 -0.0000
[torch.FloatTensor of size 1x4]

W.grad.data = 
1.00000e-07 *
 -0.1490 -1.1251 -0.0225 -0.0360
[torch.FloatTensor of size 1x4]

-------------
i = 400000, current_train_loss = [ 0.41326532]
W.data = 
-0.1856  0.3711  0.0001 -0.0000
[torch.FloatTensor of size 1x4]

W.grad.data = 
1.00000e-07 *
  0.2980 -1.0897  0.0419  0.0279
[torch.FloatTensor of size 1x4]

-------------
i = 480000, current_train_loss = [ 0.41326532]
W.data = 
-0.1856  0.3711  0.0001 -0.0000
[torch.FloatTensor of size 1x4]

W.grad.data = 
1.00000e-07 *
  0.0000 -1.2064 -0.1418 -0.0007
[torch.FloatTensor of size 1x4]

-------------
i = 560000, current_train_loss = [ 0.41326532]
W.data = 
-0.1856  0.3711  0.0001 -0.0000
[torch.FloatTensor of size 1x4]

W.grad.data = 
1.00000e-07 *
  0.0000 -1.1394  0.0584  0.0886
[torch.FloatTensor of size 1x4]

-------------
i = 640000, current_train_loss = [ 0.41326532]
W.data = 
-0.1856  0.3711  0.0001 -0.0000
[torch.FloatTensor of size 1x4]

W.grad.data = 
1.00000e-07 *
  0.0000 -1.0201 -0.0068 -0.0182
[torch.FloatTensor of size 1x4]

-------------
i = 720000, current_train_loss = [ 0.41326532]
W.data = 
-0.1856  0.3711  0.0001 -0.0000
[torch.FloatTensor of size 1x4]

W.grad.data = 
1.00000e-07 *
  0.2980 -1.0197  0.1572  0.1207
[torch.FloatTensor of size 1x4]

--- 400.3171133995056 seconds ---
--- 6.67195188999176 minutes ---
--- 0.11119919816652933 hours ---

plotting={'save_bulk_experiment': True, 'plotting': False}
lb_test=
