/home/brando90/home_simulation_research/overparametrized_experiments/pytorch_experiments
SLURM_ARRAY_TASK_ID =  11
SLURM_JOBID =  9699806

--Degree_mdl=4 
--degrees=[3, 4, 5, 6, 7, 8] 
--SLURM_ARRAY_TASK_ID=11 

reg_lambda =  0
nb_iter =  800000
N_train=7, N_test=200
--->training SP mdl
nb =  800000
reg_lambda =  0
reg_type =  
reg_lambda=0
-------------
i = 0, current_train_loss = [ 0.42630515]
W.data = 
1.00000e-03 *
  0.0000  8.2479  8.2479  7.7896  7.3314
[torch.FloatTensor of size 1x5]

W.grad.data = 
1.00000e-02 *
  0.0000 -8.2479 -8.2479 -7.7896 -7.3314
[torch.FloatTensor of size 1x5]

-------------
i = 80000, current_train_loss = [ 0.41326532]
W.data = 
-0.1855  0.3679  0.0164 -0.0258  0.0127
[torch.FloatTensor of size 1x5]

W.grad.data = 
1.00000e-07 *
  0.3897 -1.2208  2.0904 -2.8011  1.3771
[torch.FloatTensor of size 1x5]

-------------
i = 160000, current_train_loss = [ 0.41326532]
W.data = 
-0.1855  0.3682  0.0150 -0.0236  0.0116
[torch.FloatTensor of size 1x5]

W.grad.data = 
1.00000e-07 *
  0.2980 -1.1921  1.6205 -2.6356  1.2992
[torch.FloatTensor of size 1x5]

-------------
i = 240000, current_train_loss = [ 0.41326532]
W.data = 
-0.1855  0.3684  0.0137 -0.0216  0.0106
[torch.FloatTensor of size 1x5]

W.grad.data = 
1.00000e-07 *
  0.0000 -1.3411  1.5274 -2.4121  1.1246
[torch.FloatTensor of size 1x5]

-------------
i = 320000, current_train_loss = [ 0.41326532]
W.data = 
-0.1855  0.3687  0.0125 -0.0197  0.0097
[torch.FloatTensor of size 1x5]

W.grad.data = 
1.00000e-07 *
  0.7226 -1.1288  1.3727 -1.9958  1.2000
[torch.FloatTensor of size 1x5]

-------------
i = 400000, current_train_loss = [ 0.41326532]
W.data = 
-0.1855  0.3689  0.0115 -0.0180  0.0088
[torch.FloatTensor of size 1x5]

W.grad.data = 
1.00000e-07 *
  0.2980 -1.1921  1.3784 -1.7975  1.1246
[torch.FloatTensor of size 1x5]

-------------
i = 480000, current_train_loss = [ 0.41326532]
W.data = 
-0.1855  0.3691  0.0105 -0.0165  0.0081
[torch.FloatTensor of size 1x5]

W.grad.data = 
1.00000e-07 *
  0.1118 -1.6764  1.2293 -1.9744  0.7823
[torch.FloatTensor of size 1x5]

-------------
i = 560000, current_train_loss = [ 0.41326532]
W.data = 
-0.1855  0.3692  0.0096 -0.0151  0.0074
[torch.FloatTensor of size 1x5]

W.grad.data = 
1.00000e-07 *
  0.3725 -1.1176  1.0803 -1.6391  0.7823
[torch.FloatTensor of size 1x5]

-------------
i = 640000, current_train_loss = [ 0.41326532]
W.data = 
-0.1855  0.3694  0.0088 -0.0138  0.0068
[torch.FloatTensor of size 1x5]

W.grad.data = 
1.00000e-07 *
 -0.1490 -1.3411  0.8475 -1.5844  0.7231
[torch.FloatTensor of size 1x5]

-------------
i = 720000, current_train_loss = [ 0.41326532]
W.data = 
-0.1855  0.3695  0.0081 -0.0127  0.0062
[torch.FloatTensor of size 1x5]

W.grad.data = 
1.00000e-07 *
  0.5588 -1.0058  1.0803 -1.1548  0.7451
[torch.FloatTensor of size 1x5]

--- 633.9538407325745 seconds ---
--- 10.565897345542908 minutes ---
--- 0.1760982890923818 hours ---

plotting={'save_bulk_experiment': True, 'plotting': False}
lb_test=
