/home/brando90/home_simulation_research/overparametrized_experiments/pytorch_experiments
SLURM_ARRAY_TASK_ID =  13
SLURM_JOBID =  9699808

--Degree_mdl=4 
--degrees=[3, 4, 5, 6, 7, 8] 
--SLURM_ARRAY_TASK_ID=13 

reg_lambda =  0
nb_iter =  800000
N_train=7, N_test=200
--->training SP mdl
nb =  800000
reg_lambda =  0
reg_type =  
reg_lambda=0
-------------
i = 0, current_train_loss = [ 0.42630515]
W.data = 
-2.7992e-17  8.2479e-03  8.2479e-03  7.7896e-03  7.3314e-03
[torch.FloatTensor of size 1x5]

W.grad.data = 
 2.7992e-16 -8.2479e-02 -8.2479e-02 -7.7896e-02 -7.3314e-02
[torch.FloatTensor of size 1x5]

-------------
i = 80000, current_train_loss = [ 0.41326532]
W.data = 
-0.1855  0.3679  0.0164 -0.0258  0.0127
[torch.FloatTensor of size 1x5]

W.grad.data = 
1.00000e-07 *
  0.2980 -1.3039  1.9744 -2.9057  1.3039
[torch.FloatTensor of size 1x5]

-------------
i = 160000, current_train_loss = [ 0.41326532]
W.data = 
-0.1855  0.3682  0.0150 -0.0236  0.0116
[torch.FloatTensor of size 1x5]

W.grad.data = 
1.00000e-07 *
  0.0745 -1.3430  1.6934 -2.6802  1.3086
[torch.FloatTensor of size 1x5]

-------------
i = 240000, current_train_loss = [ 0.41326532]
W.data = 
-0.1855  0.3684  0.0137 -0.0216  0.0106
[torch.FloatTensor of size 1x5]

W.grad.data = 
1.00000e-07 *
  0.2980 -1.3923  1.5045 -2.4446  1.1603
[torch.FloatTensor of size 1x5]

-------------
i = 320000, current_train_loss = [ 0.41326532]
W.data = 
-0.1855  0.3687  0.0125 -0.0197  0.0097
[torch.FloatTensor of size 1x5]

W.grad.data = 
1.00000e-07 *
  0.1490 -1.2933  1.4021 -2.1427  1.0872
[torch.FloatTensor of size 1x5]

-------------
i = 400000, current_train_loss = [ 0.41326532]
W.data = 
-0.1855  0.3689  0.0115 -0.0180  0.0088
[torch.FloatTensor of size 1x5]

W.grad.data = 
1.00000e-07 *
 -0.1118 -1.1548  1.3411 -1.9372  1.0058
[torch.FloatTensor of size 1x5]

-------------
i = 480000, current_train_loss = [ 0.41326532]
W.data = 
-0.1855  0.3691  0.0105 -0.0165  0.0081
[torch.FloatTensor of size 1x5]

W.grad.data = 
1.00000e-07 *
  0.0000 -1.2884  1.2505 -1.7988  0.9490
[torch.FloatTensor of size 1x5]

-------------
i = 560000, current_train_loss = [ 0.41326532]
W.data = 
-0.1855  0.3692  0.0096 -0.0151  0.0074
[torch.FloatTensor of size 1x5]

W.grad.data = 
1.00000e-07 *
 -0.1863 -1.4668  0.9084 -1.7989  0.7663
[torch.FloatTensor of size 1x5]

-------------
i = 640000, current_train_loss = [ 0.41326535]
W.data = 
-0.1855  0.3694  0.0088 -0.0138  0.0068
[torch.FloatTensor of size 1x5]

W.grad.data = 
1.00000e-07 *
  0.1425 -1.3270  0.9528 -1.5946  0.7725
[torch.FloatTensor of size 1x5]

-------------
i = 720000, current_train_loss = [ 0.41326532]
W.data = 
-0.1855  0.3695  0.0081 -0.0127  0.0062
[torch.FloatTensor of size 1x5]

W.grad.data = 
1.00000e-07 *
  0.7451 -0.8768  1.1531 -1.1177  0.9274
[torch.FloatTensor of size 1x5]

--- 406.37487745285034 seconds ---
--- 6.772914624214172 minutes ---
--- 0.11288191040356953 hours ---

plotting={'save_bulk_experiment': True, 'plotting': False}
lb_test=
