/home/brando90/home_simulation_research/overparametrized_experiments/pytorch_experiments
SLURM_ARRAY_TASK_ID =  2
SLURM_JOBID =  9699797

--Degree_mdl=3 
--degrees=[3, 4, 5, 6, 7, 8] 
--SLURM_ARRAY_TASK_ID=2 

reg_lambda =  0
nb_iter =  800000
N_train=7, N_test=200
--->training SP mdl
nb =  800000
reg_lambda =  0
reg_type =  
reg_lambda=0
-------------
i = 0, current_train_loss = [ 0.42675892]
W.data = 
1.00000e-03 *
  0.0000  8.2479  8.2479  7.7896
[torch.FloatTensor of size 1x4]

W.grad.data = 
1.00000e-02 *
  0.0000 -8.2479 -8.2479 -7.7896
[torch.FloatTensor of size 1x4]

-------------
i = 80000, current_train_loss = [ 0.41326532]
W.data = 
-0.1855  0.3691  0.0052 -0.0034
[torch.FloatTensor of size 1x4]

W.grad.data = 
1.00000e-06 *
  0.0373 -0.7749  1.8552 -1.2442
[torch.FloatTensor of size 1x4]

-------------
i = 160000, current_train_loss = [ 0.41326532]
W.data = 
-0.1856  0.3710  0.0003 -0.0002
[torch.FloatTensor of size 1x4]

W.grad.data = 
1.00000e-07 *
  0.1490 -1.1921  0.8941 -0.4470
[torch.FloatTensor of size 1x4]

-------------
i = 240000, current_train_loss = [ 0.41326532]
W.data = 
-0.1856  0.3711  0.0001 -0.0001
[torch.FloatTensor of size 1x4]

W.grad.data = 
1.00000e-07 *
  0.1490 -1.1921  0.0233  0.0407
[torch.FloatTensor of size 1x4]

-------------
i = 320000, current_train_loss = [ 0.41326529]
W.data = 
-0.1856  0.3711  0.0001 -0.0001
[torch.FloatTensor of size 1x4]

W.grad.data = 
1.00000e-07 *
  0.0000 -1.3411 -0.0326 -0.0524
[torch.FloatTensor of size 1x4]

-------------
i = 400000, current_train_loss = [ 0.41326532]
W.data = 
-0.1856  0.3711  0.0001 -0.0001
[torch.FloatTensor of size 1x4]

W.grad.data = 
1.00000e-07 *
 -0.2980 -1.3411  0.0000  0.0000
[torch.FloatTensor of size 1x4]

-------------
i = 480000, current_train_loss = [ 0.41326532]
W.data = 
-0.1856  0.3711  0.0001 -0.0001
[torch.FloatTensor of size 1x4]

W.grad.data = 
1.00000e-07 *
 -0.2235 -1.1921 -0.0373  0.0000
[torch.FloatTensor of size 1x4]

-------------
i = 560000, current_train_loss = [ 0.41326532]
W.data = 
-0.1856  0.3711  0.0001 -0.0001
[torch.FloatTensor of size 1x4]

W.grad.data = 
1.00000e-07 *
 -0.0745 -1.0431 -0.0745  0.0745
[torch.FloatTensor of size 1x4]

-------------
i = 640000, current_train_loss = [ 0.41326532]
W.data = 
-0.1856  0.3711  0.0001 -0.0001
[torch.FloatTensor of size 1x4]

W.grad.data = 
1.00000e-07 *
 -0.3725 -1.2666 -0.0745  0.0000
[torch.FloatTensor of size 1x4]

-------------
i = 720000, current_train_loss = [ 0.41326532]
W.data = 
-0.1856  0.3711  0.0001 -0.0001
[torch.FloatTensor of size 1x4]

W.grad.data = 
1.00000e-07 *
 -0.0745 -1.1548  0.0279 -0.0326
[torch.FloatTensor of size 1x4]

--- 664.8547372817993 seconds ---
--- 11.080912288029989 minutes ---
--- 0.18468187146716647 hours ---

plotting={'save_bulk_experiment': True, 'plotting': False}
lb_test=
