/home/slurm/slurmd/job9699848/slurm_script:268: RankWarning: Polyfit may be poorly conditioned
  c_pinv = np.polyfit( X_train.reshape((N_train,)) , Y_train.reshape((N_train,)) , Degree_mdl )[::-1]
/home/brando90/home_simulation_research/overparametrized_experiments/pytorch_experiments
SLURM_ARRAY_TASK_ID =  52
SLURM_JOBID =  9699848

--Degree_mdl=8 
--degrees=[3, 4, 5, 6, 7, 8] 
--SLURM_ARRAY_TASK_ID=52 

reg_lambda =  0
nb_iter =  800000
N_train=7, N_test=200
--->training SP mdl
nb =  800000
reg_lambda =  0
reg_type =  
reg_lambda=0
-------------
i = 0, current_train_loss = [ 0.4252848]
W.data = 

Columns 0 to 5 
-1.3996e-17  8.2479e-03  8.2479e-03  7.7896e-03  7.3314e-03  6.7841e-03

Columns 6 to 8 
 6.1477e-03  5.4685e-03  4.7929e-03
[torch.FloatTensor of size 1x9]

W.grad.data = 

Columns 0 to 5 
 1.3996e-16 -8.2479e-02 -8.2479e-02 -7.7896e-02 -7.3314e-02 -6.7841e-02

Columns 6 to 8 
-6.1477e-02 -5.4685e-02 -4.7929e-02
[torch.FloatTensor of size 1x9]

-------------
i = 80000, current_train_loss = [ 0.3234047]
W.data = 

Columns 0 to 7 
 -0.3121   3.3376  -4.7478  -8.4311   3.4945  11.5015   9.9195   0.1324

Columns 8 to 8 
-14.8332
[torch.FloatTensor of size 1x9]

W.grad.data = 
1.00000e-03 *
  0.0068 -0.0459 -0.3431  1.0535  0.1608 -0.7868 -0.9077 -0.2022  1.0702
[torch.FloatTensor of size 1x9]

-------------
i = 160000, current_train_loss = [ 0.29661265]
W.data = 

Columns 0 to 7 
 -0.3278   2.8695  -0.0601 -16.5733   1.1432  16.4388  16.3717   2.0066

Columns 8 to 8 
-21.8170
[torch.FloatTensor of size 1x9]

W.grad.data = 
1.00000e-04 *
 -0.0140  1.1078 -7.0658  9.8685  3.5644 -5.2503 -7.4723 -2.4880  7.6313
[torch.FloatTensor of size 1x9]

-------------
i = 240000, current_train_loss = [ 0.27302164]
W.data = 

Columns 0 to 7 
 -0.3184   1.8869   5.7187 -24.3071  -1.7996  20.3756  22.1167   3.9788

Columns 8 to 8 
-27.6033
[torch.FloatTensor of size 1x9]

W.grad.data = 
1.00000e-04 *
 -0.0042  1.2887 -7.2330  9.4502  3.7080 -4.6826 -6.9404 -2.4139  6.9644
[torch.FloatTensor of size 1x9]

-------------
i = 320000, current_train_loss = [ 0.25152329]
W.data = 

Columns 0 to 7 
 -0.3061   0.8750  11.4162 -31.6871  -4.6999  24.0290  27.5320   5.8821

Columns 8 to 8 
-32.9954
[torch.FloatTensor of size 1x9]

W.grad.data = 
1.00000e-04 *
 -0.0162  1.2474 -6.9988  9.0184  3.5581 -4.4374 -6.5808 -2.2626  6.6668
[torch.FloatTensor of size 1x9]

-------------
i = 400000, current_train_loss = [ 0.23186381]
W.data = 

Columns 0 to 7 
 -0.2941  -0.0956  16.8697 -38.7364  -7.4889  27.5151  32.7232   7.7075

Columns 8 to 8 
-38.1571
[torch.FloatTensor of size 1x9]

W.grad.data = 
1.00000e-04 *
 -0.0344  1.1868 -6.7712  8.5794  3.3608 -4.2762 -6.3225 -2.2108  6.2851
[torch.FloatTensor of size 1x9]

-------------
i = 480000, current_train_loss = [ 0.21395935]
W.data = 

Columns 0 to 7 
 -0.2822  -1.0305  22.0961 -45.4789 -10.1401  30.8621  37.6187   9.4431

Columns 8 to 8 
-43.0470
[torch.FloatTensor of size 1x9]

W.grad.data = 
1.00000e-04 *
 -0.0192  1.1411 -6.4046  8.2603  3.2185 -4.1075 -6.0725 -2.1566  5.9341
[torch.FloatTensor of size 1x9]

-------------
i = 560000, current_train_loss = [ 0.19760709]
W.data = 

Columns 0 to 7 
 -0.2709  -1.9263  27.1030 -51.9416 -12.6491  34.0351  42.3037  11.0887

Columns 8 to 8 
-47.7034
[torch.FloatTensor of size 1x9]

W.grad.data = 
1.00000e-04 *
 -0.0262  1.0823 -6.1641  7.8276  2.9843 -3.9947 -5.8268 -2.0440  5.7087
[torch.FloatTensor of size 1x9]

-------------
i = 640000, current_train_loss = [ 0.18263303]
W.data = 

Columns 0 to 7 
 -0.2604  -2.7758  31.8750 -58.1230 -15.0524  37.0873  46.8038  12.6692

Columns 8 to 8 
-52.1864
[torch.FloatTensor of size 1x9]

W.grad.data = 
1.00000e-04 *
 -0.0034  1.0750 -5.8754  7.5460  2.9233 -3.7307 -5.4645 -1.8483  5.5391
[torch.FloatTensor of size 1x9]

-------------
i = 720000, current_train_loss = [ 0.16895631]
W.data = 

Columns 0 to 7 
 -0.2499  -3.5948  36.4561 -64.0497 -17.3439  40.0261  51.0763  14.1588

Columns 8 to 8 
-56.4434
[torch.FloatTensor of size 1x9]

W.grad.data = 
1.00000e-04 *
  0.0193  1.0209 -5.5432  7.2765  2.7979 -3.5966 -5.2714 -1.8372  5.1866
[torch.FloatTensor of size 1x9]

--- 606.0703825950623 seconds ---
--- 10.101173043251038 minutes ---
--- 0.16835288405418397 hours ---

plotting={'save_bulk_experiment': True, 'plotting': False}
lb_test=
