/home/brando90/home_simulation_research/overparametrized_experiments/pytorch_experiments
SLURM_ARRAY_TASK_ID =  20
SLURM_JOBID =  9699815

--Degree_mdl=4 
--degrees=[3, 4, 5, 6, 7, 8] 
--SLURM_ARRAY_TASK_ID=20 

reg_lambda =  0
nb_iter =  800000
N_train=7, N_test=200
--->training SP mdl
nb =  800000
reg_lambda =  0
reg_type =  
reg_lambda=0
-------------
i = 0, current_train_loss = [ 0.42630515]
W.data = 
1.00000e-03 *
  0.0000  8.2479  8.2479  7.7896  7.3314
[torch.FloatTensor of size 1x5]

W.grad.data = 
1.00000e-02 *
  0.0000 -8.2479 -8.2479 -7.7896 -7.3314
[torch.FloatTensor of size 1x5]

-------------
i = 80000, current_train_loss = [ 0.41326532]
W.data = 
-0.1855  0.3679  0.0164 -0.0258  0.0127
[torch.FloatTensor of size 1x5]

W.grad.data = 
1.00000e-07 *
  0.2980 -1.0401  2.1860 -2.7150  1.4186
[torch.FloatTensor of size 1x5]

-------------
i = 160000, current_train_loss = [ 0.41326532]
W.data = 
-0.1855  0.3682  0.0150 -0.0236  0.0116
[torch.FloatTensor of size 1x5]

W.grad.data = 
1.00000e-07 *
  0.0000 -1.3735  1.6829 -2.5140  1.2540
[torch.FloatTensor of size 1x5]

-------------
i = 240000, current_train_loss = [ 0.41326532]
W.data = 
-0.1855  0.3684  0.0137 -0.0216  0.0106
[torch.FloatTensor of size 1x5]

W.grad.data = 
1.00000e-07 *
 -0.2980 -1.5661  1.4714 -2.5674  1.1124
[torch.FloatTensor of size 1x5]

-------------
i = 320000, current_train_loss = [ 0.41326532]
W.data = 
-0.1855  0.3687  0.0125 -0.0197  0.0097
[torch.FloatTensor of size 1x5]

W.grad.data = 
1.00000e-07 *
  0.4098 -1.4231  1.3435 -2.1760  1.0514
[torch.FloatTensor of size 1x5]

-------------
i = 400000, current_train_loss = [ 0.41326532]
W.data = 
-0.1855  0.3689  0.0115 -0.0180  0.0088
[torch.FloatTensor of size 1x5]

W.grad.data = 
1.00000e-07 *
  0.2980 -1.1891  1.2671 -1.9368  0.9812
[torch.FloatTensor of size 1x5]

-------------
i = 480000, current_train_loss = [ 0.41326529]
W.data = 
-0.1855  0.3691  0.0105 -0.0165  0.0081
[torch.FloatTensor of size 1x5]

W.grad.data = 
1.00000e-07 *
  0.1118 -1.4529  1.1176 -1.7881  0.8941
[torch.FloatTensor of size 1x5]

-------------
i = 560000, current_train_loss = [ 0.41326532]
W.data = 
-0.1855  0.3692  0.0096 -0.0151  0.0074
[torch.FloatTensor of size 1x5]

W.grad.data = 
1.00000e-07 *
 -0.2980 -1.4728  0.9544 -1.7303  0.7646
[torch.FloatTensor of size 1x5]

-------------
i = 640000, current_train_loss = [ 0.41326532]
W.data = 
-0.1855  0.3694  0.0088 -0.0138  0.0068
[torch.FloatTensor of size 1x5]

W.grad.data = 
1.00000e-07 *
 -0.1490 -1.3784  0.8568 -1.6019  0.7451
[torch.FloatTensor of size 1x5]

-------------
i = 720000, current_train_loss = [ 0.41326532]
W.data = 
-0.1855  0.3695  0.0081 -0.0127  0.0062
[torch.FloatTensor of size 1x5]

W.grad.data = 
1.00000e-07 *
 -0.5960 -1.4231  0.7971 -1.5137  0.5602
[torch.FloatTensor of size 1x5]

--- 392.18407583236694 seconds ---
--- 6.536401263872782 minutes ---
--- 0.10894002106454637 hours ---

plotting={'save_bulk_experiment': True, 'plotting': False}
lb_test=
