/home/brando90/home_simulation_research/overparametrized_experiments/pytorch_experiments
SLURM_ARRAY_TASK_ID =  29
SLURM_JOBID =  9699824

--Degree_mdl=5 
--degrees=[3, 4, 5, 6, 7, 8] 
--SLURM_ARRAY_TASK_ID=29 

reg_lambda =  0
nb_iter =  800000
N_train=7, N_test=200
--->training SP mdl
nb =  800000
reg_lambda =  0
reg_type =  
reg_lambda=0
-------------
i = 0, current_train_loss = [ 0.42593381]
W.data = 
1.00000e-03 *
  0.0000  8.2479  8.2479  7.7896  7.3314  6.7841
[torch.FloatTensor of size 1x6]

W.grad.data = 
1.00000e-02 *
  0.0000 -8.2479 -8.2479 -7.7896 -7.3314 -6.7841
[torch.FloatTensor of size 1x6]

-------------
i = 80000, current_train_loss = [ 0.4082202]
W.data = 
-0.1911  0.8607 -1.9736  0.2909  4.6952 -3.5192
[torch.FloatTensor of size 1x6]

W.grad.data = 
1.00000e-04 *
  0.0209 -0.6998  2.1964  0.2813 -5.4707  3.7018
[torch.FloatTensor of size 1x6]

-------------
i = 160000, current_train_loss = [ 0.40492567]
W.data = 
-0.2058  1.3203 -3.3413 -0.2360  8.7952 -6.1767
[torch.FloatTensor of size 1x6]

W.grad.data = 
1.00000e-04 *
  0.0185 -0.4595  1.2789  0.9947 -4.8134  2.9842
[torch.FloatTensor of size 1x6]

-------------
i = 240000, current_train_loss = [ 0.4024545]
W.data = 
 -0.2161   1.6205  -4.0875  -1.2492  12.4382  -8.3555
[torch.FloatTensor of size 1x6]

W.grad.data = 
1.00000e-04 *
  0.0086 -0.2952  0.6199  1.5000 -4.3396  2.4804
[torch.FloatTensor of size 1x6]

-------------
i = 320000, current_train_loss = [ 0.40040383]
W.data = 
 -0.2234   1.8070  -4.3909  -2.6083  15.7557 -10.1935
[torch.FloatTensor of size 1x6]

W.grad.data = 
1.00000e-04 *
  0.0104 -0.1733  0.1691  1.8823 -3.9739  2.1486
[torch.FloatTensor of size 1x6]

-------------
i = 400000, current_train_loss = [ 0.3985658]
W.data = 
 -0.2284   1.9131  -4.3787  -4.2179  18.8467 -11.7909
[torch.FloatTensor of size 1x6]

W.grad.data = 
1.00000e-04 *
  0.0049 -0.0832 -0.1690  2.1368 -3.7212  1.9086
[torch.FloatTensor of size 1x6]

-------------
i = 480000, current_train_loss = [ 0.39684457]
W.data = 
 -0.2318   1.9609  -4.1413  -5.9986  21.7631 -13.2104
[torch.FloatTensor of size 1x6]

W.grad.data = 
1.00000e-04 *
  0.0048 -0.0263 -0.4063  2.3225 -3.5305  1.7488
[torch.FloatTensor of size 1x6]

-------------
i = 560000, current_train_loss = [ 0.39518982]
W.data = 
 -0.2341   1.9668  -3.7445  -7.8951  24.5483 -14.5012
[torch.FloatTensor of size 1x6]

W.grad.data = 
1.00000e-04 *
  0.0027  0.0155 -0.5649  2.4386 -3.4329  1.5735
[torch.FloatTensor of size 1x6]

-------------
i = 640000, current_train_loss = [ 0.39354861]
W.data = 
 -0.2356   1.9470  -3.2416  -9.8918  27.2867 -15.7256
[torch.FloatTensor of size 1x6]

W.grad.data = 
1.00000e-04 *
  0.0033  0.0405 -0.6910  2.5304 -3.3363  1.4772
[torch.FloatTensor of size 1x6]

-------------
i = 720000, current_train_loss = [ 0.3919543]
W.data = 
 -0.2365   1.9005  -2.6410 -11.9389  29.9014 -16.8472
[torch.FloatTensor of size 1x6]

W.grad.data = 
1.00000e-04 *
 -0.0013  0.0621 -0.7805  2.5764 -3.2745  1.4249
[torch.FloatTensor of size 1x6]

--- 635.5846567153931 seconds ---
--- 10.593077611923217 minutes ---
--- 0.17655129353205362 hours ---

plotting={'save_bulk_experiment': True, 'plotting': False}
lb_test=
