/home/brando90/home_simulation_research/overparametrized_experiments/pytorch_experiments
SLURM_ARRAY_TASK_ID =  33
SLURM_JOBID =  9699828

--Degree_mdl=6 
--degrees=[3, 4, 5, 6, 7, 8] 
--SLURM_ARRAY_TASK_ID=33 

reg_lambda =  0
nb_iter =  800000
N_train=7, N_test=200
--->training SP mdl
nb =  800000
reg_lambda =  0
reg_type =  
reg_lambda=0
-------------
i = 0, current_train_loss = [ 0.42564547]
W.data = 
1.00000e-03 *
  0.0000  8.2479  8.2479  7.7896  7.3314  6.7841  6.1477
[torch.FloatTensor of size 1x7]

W.grad.data = 
1.00000e-02 *
  0.0000 -8.2479 -8.2479 -7.7896 -7.3314 -6.7841 -6.1477
[torch.FloatTensor of size 1x7]

-------------
i = 80000, current_train_loss = [ 0.38830787]
W.data = 
-0.2229  1.8812 -4.4255 -1.7785  7.3262  5.8397 -8.4941
[torch.FloatTensor of size 1x7]

W.grad.data = 
1.00000e-04 *
  0.0639 -1.4729  3.0832  3.7545 -6.6780 -6.6505  7.9343
[torch.FloatTensor of size 1x7]

-------------
i = 160000, current_train_loss = [ 0.37768802]
W.data = 
 -0.2565   2.6055  -5.4574  -5.3106  11.5310  10.7552 -13.7551
[torch.FloatTensor of size 1x7]

W.grad.data = 
1.00000e-04 *
  0.0203 -0.4723 -0.1093  4.9151 -4.1563 -5.7512  5.5185
[torch.FloatTensor of size 1x7]

-------------
i = 240000, current_train_loss = [ 0.37011302]
W.data = 
 -0.2710   2.7709  -4.7048  -9.4870  14.3089  15.1469 -17.6587
[torch.FloatTensor of size 1x7]

W.grad.data = 
1.00000e-04 *
  0.0077  0.0103 -1.5990  5.4272 -2.9594 -5.2908  4.3919
[torch.FloatTensor of size 1x7]

-------------
i = 320000, current_train_loss = [ 0.36330244]
W.data = 
 -0.2764   2.6754  -3.1278 -13.9432  16.4161  19.2721 -20.9148
[torch.FloatTensor of size 1x7]

W.grad.data = 
1.00000e-04 *
  0.0013  0.2133 -2.2708  5.6565 -2.3805 -5.0569  3.8265
[torch.FloatTensor of size 1x7]

-------------
i = 400000, current_train_loss = [ 0.35675472]
W.data = 
 -0.2776   2.4577  -1.1703 -18.5056  18.1871  23.2593 -23.8514
[torch.FloatTensor of size 1x7]

W.grad.data = 
1.00000e-04 *
 -0.0094  0.2981 -2.5712  5.7269 -2.1175 -4.9457  3.5209
[torch.FloatTensor of size 1x7]

-------------
i = 480000, current_train_loss = [ 0.3503674]
W.data = 
 -0.2769   2.1883   0.9404 -23.0833  19.7971  27.1595 -26.6274
[torch.FloatTensor of size 1x7]

W.grad.data = 
1.00000e-04 *
 -0.0043  0.3621 -2.7023  5.7335 -1.9780 -4.8608  3.3706
[torch.FloatTensor of size 1x7]

-------------
i = 560000, current_train_loss = [ 0.34410235]
W.data = 
 -0.2752   1.8908   3.1307 -27.6609  21.3230  30.9917 -29.3036
[torch.FloatTensor of size 1x7]

W.grad.data = 
1.00000e-04 *
 -0.0201  0.3572 -2.7660  5.6960 -1.9058 -4.7827  3.3186
[torch.FloatTensor of size 1x7]

-------------
i = 640000, current_train_loss = [ 0.33794981]
W.data = 
 -0.2732   1.5835   5.3461 -32.2363  22.8488  34.7421 -31.9157
[torch.FloatTensor of size 1x7]

W.grad.data = 
1.00000e-04 *
 -0.0002  0.3876 -2.7822  5.6300 -1.8954 -4.7603  3.2396
[torch.FloatTensor of size 1x7]

-------------
i = 720000, current_train_loss = [ 0.33190328]
W.data = 
 -0.2708   1.2676   7.5836 -36.8093  24.3747  38.4159 -34.4672
[torch.FloatTensor of size 1x7]

W.grad.data = 
1.00000e-04 *
  0.0365  0.4277 -2.7530  5.5777 -1.8667 -4.6851  3.2630
[torch.FloatTensor of size 1x7]

--- 387.21387553215027 seconds ---
--- 6.453564592202505 minutes ---
--- 0.10755940987004174 hours ---

plotting={'save_bulk_experiment': True, 'plotting': False}
lb_test=
