/home/brando90/home_simulation_research/overparametrized_experiments/pytorch_experiments
SLURM_ARRAY_TASK_ID =  1
SLURM_JOBID =  9700010

--Degree_mdl=3 
--degrees=[3, 4, 5, 6, 7, 8] 
--SLURM_ARRAY_TASK_ID=1 

reg_lambda =  0
nb_iter =  200
N_train=7, N_test=200
--->training SP mdl
nb =  200
reg_lambda =  0
reg_type =  
mdl_sgd[0].weight=Parameter containing:
 0  0  0  0
[torch.FloatTensor of size 1x4]

reg_lambda=0
-------------
i = 0, current_train_loss = [ 0.42675892]
W.data = 
1.00000e-03 *
  0.0000  8.2479  8.2479  7.7896
[torch.FloatTensor of size 1x4]

W.grad.data = 
1.00000e-02 *
  0.0000 -8.2479 -8.2479 -7.7896
[torch.FloatTensor of size 1x4]

-------------
i = 20, current_train_loss = [ 0.41617247]
W.data = 
1.00000e-02 *
 -7.4174  7.3663  7.9487  7.6120
[torch.FloatTensor of size 1x4]

W.grad.data = 
1.00000e-02 *
  2.8323 -1.9571 -2.0006 -1.8251
[torch.FloatTensor of size 1x4]

-------------
i = 40, current_train_loss = [ 0.41447216]
W.data = 
-0.1114  0.1021  0.1048  0.0969
[torch.FloatTensor of size 1x4]

W.grad.data = 
1.00000e-02 *
  1.2073 -1.0641 -0.7713 -0.5196
[torch.FloatTensor of size 1x4]

-------------
i = 60, current_train_loss = [ 0.41413391]
W.data = 
-0.1276  0.1190  0.1142  0.1011
[torch.FloatTensor of size 1x4]

W.grad.data = 
1.00000e-03 *
  5.4587 -6.9211 -2.7605 -0.0103
[torch.FloatTensor of size 1x4]

-------------
i = 80, current_train_loss = [ 0.41402355]
W.data = 
-0.1353  0.1309  0.1174  0.0987
[torch.FloatTensor of size 1x4]

W.grad.data = 
1.00000e-03 *
  2.7581 -5.3066 -0.7706  1.9997
[torch.FloatTensor of size 1x4]

-------------
i = 100, current_train_loss = [ 0.41395509]
W.data = 
-0.1395  0.1406  0.1180  0.0938
[torch.FloatTensor of size 1x4]

W.grad.data = 
1.00000e-03 *
  1.6424 -4.5485  0.0210  2.7284
[torch.FloatTensor of size 1x4]

-------------
i = 120, current_train_loss = [ 0.4138976]
W.data = 
-0.1422  0.1493  0.1176  0.0881
[torch.FloatTensor of size 1x4]

W.grad.data = 
1.00000e-03 *
  1.1688 -4.1414  0.3281  2.9423
[torch.FloatTensor of size 1x4]

-------------
i = 140, current_train_loss = [ 0.41384569]
W.data = 
-0.1443  0.1573  0.1168  0.0821
[torch.FloatTensor of size 1x4]

W.grad.data = 
1.00000e-03 *
  0.9561 -3.8805  0.4399  2.9512
[torch.FloatTensor of size 1x4]

-------------
i = 160, current_train_loss = [ 0.41379821]
W.data = 
-0.1461  0.1648  0.1158  0.0763
[torch.FloatTensor of size 1x4]

W.grad.data = 
1.00000e-03 *
  0.8497 -3.6828  0.4730  2.8804
[torch.FloatTensor of size 1x4]

-------------
i = 180, current_train_loss = [ 0.41375464]
W.data = 
-0.1477  0.1720  0.1149  0.0707
[torch.FloatTensor of size 1x4]

W.grad.data = 
1.00000e-03 *
  0.7873 -3.5145  0.4749  2.7805
[torch.FloatTensor of size 1x4]

--- 0.8043146133422852 seconds ---
--- 0.013405243555704752 minutes ---
--- 0.00022342072592841254 hours ---

plotting={'save_bulk_experiment': True, 'plotting': False}
lb_test=
