/home/brando90/home_simulation_research/overparametrized_experiments/pytorch_experiments
SLURM_ARRAY_TASK_ID =  14
SLURM_JOBID =  9699809

--Degree_mdl=4 
--degrees=[3, 4, 5, 6, 7, 8] 
--SLURM_ARRAY_TASK_ID=14 

reg_lambda =  0
nb_iter =  800000
N_train=7, N_test=200
--->training SP mdl
nb =  800000
reg_lambda =  0
reg_type =  
reg_lambda=0
-------------
i = 0, current_train_loss = [ 0.42630515]
W.data = 
-2.7992e-17  8.2479e-03  8.2479e-03  7.7896e-03  7.3314e-03
[torch.FloatTensor of size 1x5]

W.grad.data = 
 2.7992e-16 -8.2479e-02 -8.2479e-02 -7.7896e-02 -7.3314e-02
[torch.FloatTensor of size 1x5]

-------------
i = 80000, current_train_loss = [ 0.41326532]
W.data = 
-0.1855  0.3679  0.0164 -0.0258  0.0127
[torch.FloatTensor of size 1x5]

W.grad.data = 
1.00000e-07 *
  0.0000 -1.2929  1.9846 -2.9551  1.3503
[torch.FloatTensor of size 1x5]

-------------
i = 160000, current_train_loss = [ 0.41326532]
W.data = 
-0.1855  0.3682  0.0150 -0.0236  0.0116
[torch.FloatTensor of size 1x5]

W.grad.data = 
1.00000e-07 *
  0.0745 -1.3923  1.5852 -2.7188  1.2342
[torch.FloatTensor of size 1x5]

-------------
i = 240000, current_train_loss = [ 0.41326532]
W.data = 
-0.1855  0.3684  0.0137 -0.0216  0.0106
[torch.FloatTensor of size 1x5]

W.grad.data = 
1.00000e-07 *
  0.1118 -1.2433  1.5417 -2.3421  1.1789
[torch.FloatTensor of size 1x5]

-------------
i = 320000, current_train_loss = [ 0.41326532]
W.data = 
-0.1855  0.3687  0.0125 -0.0197  0.0097
[torch.FloatTensor of size 1x5]

W.grad.data = 
1.00000e-07 *
 -0.2980 -1.5865  1.3002 -2.3121  0.9918
[torch.FloatTensor of size 1x5]

-------------
i = 400000, current_train_loss = [ 0.41326532]
W.data = 
-0.1855  0.3689  0.0115 -0.0180  0.0088
[torch.FloatTensor of size 1x5]

W.grad.data = 
1.00000e-07 *
  0.4470 -1.2561  1.3043 -2.0426  0.8892
[torch.FloatTensor of size 1x5]

-------------
i = 480000, current_train_loss = [ 0.41326532]
W.data = 
-0.1855  0.3691  0.0105 -0.0165  0.0081
[torch.FloatTensor of size 1x5]

W.grad.data = 
1.00000e-07 *
  0.2980 -1.3426  1.2168 -1.8234  0.9320
[torch.FloatTensor of size 1x5]

-------------
i = 560000, current_train_loss = [ 0.41326532]
W.data = 
-0.1855  0.3692  0.0096 -0.0151  0.0074
[torch.FloatTensor of size 1x5]

W.grad.data = 
1.00000e-07 *
  0.0745 -1.4529  1.0058 -1.6764  0.8196
[torch.FloatTensor of size 1x5]

-------------
i = 640000, current_train_loss = [ 0.41326532]
W.data = 
-0.1855  0.3694  0.0088 -0.0138  0.0068
[torch.FloatTensor of size 1x5]

W.grad.data = 
1.00000e-07 *
  0.3353 -1.1521  1.0557 -1.4863  0.7969
[torch.FloatTensor of size 1x5]

-------------
i = 720000, current_train_loss = [ 0.41326532]
W.data = 
-0.1855  0.3695  0.0081 -0.0127  0.0062
[torch.FloatTensor of size 1x5]

W.grad.data = 
1.00000e-07 *
 -0.5960 -1.4916  0.8319 -1.4332  0.6142
[torch.FloatTensor of size 1x5]

--- 420.7416398525238 seconds ---
--- 7.01236066420873 minutes ---
--- 0.11687267773681216 hours ---

plotting={'save_bulk_experiment': True, 'plotting': False}
lb_test=
