/home/slurm/slurmd/job9699855/slurm_script:268: RankWarning: Polyfit may be poorly conditioned
  c_pinv = np.polyfit( X_train.reshape((N_train,)) , Y_train.reshape((N_train,)) , Degree_mdl )[::-1]
/home/brando90/home_simulation_research/overparametrized_experiments/pytorch_experiments
SLURM_ARRAY_TASK_ID =  59
SLURM_JOBID =  9699855

--Degree_mdl=8 
--degrees=[3, 4, 5, 6, 7, 8] 
--SLURM_ARRAY_TASK_ID=59 

reg_lambda =  0
nb_iter =  800000
N_train=7, N_test=200
--->training SP mdl
nb =  800000
reg_lambda =  0
reg_type =  
reg_lambda=0
-------------
i = 0, current_train_loss = [ 0.4252848]
W.data = 

Columns 0 to 5 
-1.3996e-17  8.2479e-03  8.2479e-03  7.7896e-03  7.3314e-03  6.7841e-03

Columns 6 to 8 
 6.1477e-03  5.4685e-03  4.7929e-03
[torch.FloatTensor of size 1x9]

W.grad.data = 

Columns 0 to 5 
 1.3996e-16 -8.2479e-02 -8.2479e-02 -7.7896e-02 -7.3314e-02 -6.7841e-02

Columns 6 to 8 
-6.1477e-02 -5.4685e-02 -4.7929e-02
[torch.FloatTensor of size 1x9]

-------------
i = 80000, current_train_loss = [ 0.32340479]
W.data = 

Columns 0 to 7 
 -0.3121   3.3376  -4.7478  -8.4310   3.4945  11.5015   9.9194   0.1324

Columns 8 to 8 
-14.8333
[torch.FloatTensor of size 1x9]

W.grad.data = 
1.00000e-03 *
  0.0068 -0.0458 -0.3429  1.0536  0.1610 -0.7867 -0.9076 -0.2021  1.0703
[torch.FloatTensor of size 1x9]

-------------
i = 160000, current_train_loss = [ 0.29661244]
W.data = 

Columns 0 to 7 
 -0.3278   2.8695  -0.0601 -16.5734   1.1433  16.4388  16.3718   2.0067

Columns 8 to 8 
-21.8171
[torch.FloatTensor of size 1x9]

W.grad.data = 
1.00000e-04 *
 -0.0098  1.1084 -7.0658  9.8683  3.5642 -5.2504 -7.4723 -2.4880  7.6312
[torch.FloatTensor of size 1x9]

-------------
i = 240000, current_train_loss = [ 0.27302104]
W.data = 

Columns 0 to 7 
 -0.3184   1.8869   5.7188 -24.3073  -1.7997  20.3756  22.1169   3.9789

Columns 8 to 8 
-27.6035
[torch.FloatTensor of size 1x9]

W.grad.data = 
1.00000e-04 *
 -0.0244  1.2685 -7.2518  9.4328  3.6919 -4.6976 -6.9546 -2.4275  6.9514
[torch.FloatTensor of size 1x9]

-------------
i = 320000, current_train_loss = [ 0.25152236]
W.data = 

Columns 0 to 7 
 -0.3061   0.8749  11.4164 -31.6874  -4.7001  24.0293  27.5322   5.8822

Columns 8 to 8 
-32.9957
[torch.FloatTensor of size 1x9]

W.grad.data = 
1.00000e-04 *
 -0.0265  1.2352 -7.0092  9.0081  3.5474 -4.4487 -6.5928 -2.2752  6.6537
[torch.FloatTensor of size 1x9]

-------------
i = 400000, current_train_loss = [ 0.23186257]
W.data = 

Columns 0 to 7 
 -0.2941  -0.0956  16.8700 -38.7369  -7.4889  27.5152  32.7238   7.7080

Columns 8 to 8 
-38.1579
[torch.FloatTensor of size 1x9]

W.grad.data = 
1.00000e-04 *
  0.0135  1.2266 -6.7344  8.6147  3.3945 -4.2440 -6.2917 -2.1812  6.3135
[torch.FloatTensor of size 1x9]

-------------
i = 480000, current_train_loss = [ 0.21395703]
W.data = 

Columns 0 to 7 
 -0.2822  -1.0308  22.0972 -45.4796 -10.1404  30.8611  37.6196   9.4442

Columns 8 to 8 
-43.0478
[torch.FloatTensor of size 1x9]

W.grad.data = 
1.00000e-04 *
 -0.0209  1.1368 -6.4082  8.2548  3.2120 -4.1141 -6.0788 -2.1623  5.9291
[torch.FloatTensor of size 1x9]

-------------
i = 560000, current_train_loss = [ 0.19760507]
W.data = 

Columns 0 to 7 
 -0.2709  -1.9263  27.1034 -51.9425 -12.6489  34.0351  42.3038  11.0903

Columns 8 to 8 
-47.7048
[torch.FloatTensor of size 1x9]

W.grad.data = 
1.00000e-04 *
 -0.0058  1.1011 -6.1469  7.8446  3.0010 -3.9783 -5.8109 -2.0287  5.7235
[torch.FloatTensor of size 1x9]

-------------
i = 640000, current_train_loss = [ 0.18263146]
W.data = 

Columns 0 to 7 
 -0.2604  -2.7758  31.8753 -58.1237 -15.0521  37.0873  46.8038  12.6707

Columns 8 to 8 
-52.1878
[torch.FloatTensor of size 1x9]

W.grad.data = 
1.00000e-04 *
  0.0028  1.0777 -5.8746  7.5446  2.9196 -3.7368 -5.4728 -1.8586  5.5271
[torch.FloatTensor of size 1x9]

-------------
i = 720000, current_train_loss = [ 0.16895513]
W.data = 

Columns 0 to 7 
 -0.2499  -3.5948  36.4562 -64.0503 -17.3439  40.0264  51.0763  14.1597

Columns 8 to 8 
-56.4444
[torch.FloatTensor of size 1x9]

W.grad.data = 
1.00000e-04 *
 -0.0183  0.9960 -5.5656  7.2561  2.7787 -3.6153 -5.2899 -1.8558  5.1677
[torch.FloatTensor of size 1x9]

--- 392.06112241744995 seconds ---
--- 6.534352040290832 minutes ---
--- 0.10890586733818054 hours ---

plotting={'save_bulk_experiment': True, 'plotting': False}
lb_test=
