/home/brando90/home_simulation_research/overparametrized_experiments/pytorch_experiments
SLURM_ARRAY_TASK_ID =  23
SLURM_JOBID =  9699818

--Degree_mdl=5 
--degrees=[3, 4, 5, 6, 7, 8] 
--SLURM_ARRAY_TASK_ID=23 

reg_lambda =  0
nb_iter =  800000
N_train=7, N_test=200
--->training SP mdl
nb =  800000
reg_lambda =  0
reg_type =  
reg_lambda=0
-------------
i = 0, current_train_loss = [ 0.42593381]
W.data = 
-1.3996e-17  8.2479e-03  8.2479e-03  7.7896e-03  7.3314e-03  6.7841e-03
[torch.FloatTensor of size 1x6]

W.grad.data = 
 1.3996e-16 -8.2479e-02 -8.2479e-02 -7.7896e-02 -7.3314e-02 -6.7841e-02
[torch.FloatTensor of size 1x6]

-------------
i = 80000, current_train_loss = [ 0.40822023]
W.data = 
-0.1911  0.8607 -1.9736  0.2909  4.6952 -3.5192
[torch.FloatTensor of size 1x6]

W.grad.data = 
1.00000e-04 *
  0.0211 -0.6997  2.1969  0.2817 -5.4703  3.7022
[torch.FloatTensor of size 1x6]

-------------
i = 160000, current_train_loss = [ 0.40492573]
W.data = 
-0.2058  1.3203 -3.3413 -0.2360  8.7952 -6.1767
[torch.FloatTensor of size 1x6]

W.grad.data = 
1.00000e-04 *
  0.0189 -0.4598  1.2786  0.9943 -4.8137  2.9840
[torch.FloatTensor of size 1x6]

-------------
i = 240000, current_train_loss = [ 0.40245444]
W.data = 
 -0.2161   1.6205  -4.0874  -1.2492  12.4382  -8.3555
[torch.FloatTensor of size 1x6]

W.grad.data = 
1.00000e-04 *
  0.0075 -0.2958  0.6192  1.4992 -4.3407  2.4793
[torch.FloatTensor of size 1x6]

-------------
i = 320000, current_train_loss = [ 0.40040401]
W.data = 
 -0.2234   1.8070  -4.3908  -2.6084  15.7557 -10.1935
[torch.FloatTensor of size 1x6]

W.grad.data = 
1.00000e-04 *
  0.0086 -0.1760  0.1660  1.8790 -3.9771  2.1454
[torch.FloatTensor of size 1x6]

-------------
i = 400000, current_train_loss = [ 0.39856604]
W.data = 
 -0.2284   1.9131  -4.3787  -4.2179  18.8467 -11.7909
[torch.FloatTensor of size 1x6]

W.grad.data = 
1.00000e-04 *
  0.0023 -0.0869 -0.1726  2.1334 -3.7244  1.9054
[torch.FloatTensor of size 1x6]

-------------
i = 480000, current_train_loss = [ 0.39684471]
W.data = 
 -0.2318   1.9609  -4.1415  -5.9984  21.7631 -13.2104
[torch.FloatTensor of size 1x6]

W.grad.data = 
1.00000e-04 *
  0.0069 -0.0260 -0.4058  2.3228 -3.5305  1.7486
[torch.FloatTensor of size 1x6]

-------------
i = 560000, current_train_loss = [ 0.3951897]
W.data = 
 -0.2341   1.9669  -3.7447  -7.8949  24.5483 -14.5012
[torch.FloatTensor of size 1x6]

W.grad.data = 
1.00000e-04 *
  0.0024  0.0148 -0.5656  2.4383 -3.4329  1.5736
[torch.FloatTensor of size 1x6]

-------------
i = 640000, current_train_loss = [ 0.39354864]
W.data = 
 -0.2356   1.9470  -3.2418  -9.8914  27.2864 -15.7255
[torch.FloatTensor of size 1x6]

W.grad.data = 
1.00000e-04 *
  0.0096  0.0455 -0.6871  2.5338 -3.3330  1.4803
[torch.FloatTensor of size 1x6]

-------------
i = 720000, current_train_loss = [ 0.39195463]
W.data = 
 -0.2365   1.9005  -2.6409 -11.9388  29.9007 -16.8468
[torch.FloatTensor of size 1x6]

W.grad.data = 
1.00000e-04 *
  0.0029  0.0678 -0.7757  2.5807 -3.2701  1.4296
[torch.FloatTensor of size 1x6]

--- 410.95699310302734 seconds ---
--- 6.849283218383789 minutes ---
--- 0.11415472030639648 hours ---

plotting={'save_bulk_experiment': True, 'plotting': False}
lb_test=
