/home/slurm/slurmd/job9699841/slurm_script:268: RankWarning: Polyfit may be poorly conditioned
  c_pinv = np.polyfit( X_train.reshape((N_train,)) , Y_train.reshape((N_train,)) , Degree_mdl )[::-1]
/home/brando90/home_simulation_research/overparametrized_experiments/pytorch_experiments
SLURM_ARRAY_TASK_ID =  46
SLURM_JOBID =  9699841

--Degree_mdl=7 
--degrees=[3, 4, 5, 6, 7, 8] 
--SLURM_ARRAY_TASK_ID=46 

reg_lambda =  0
nb_iter =  800000
N_train=7, N_test=200
--->training SP mdl
nb =  800000
reg_lambda =  0
reg_type =  
reg_lambda=0
-------------
i = 0, current_train_loss = [ 0.42543319]
W.data = 

Columns 0 to 5 
-2.7992e-17  8.2479e-03  8.2479e-03  7.7896e-03  7.3314e-03  6.7841e-03

Columns 6 to 7 
 6.1477e-03  5.4685e-03
[torch.FloatTensor of size 1x8]

W.grad.data = 

Columns 0 to 5 
 2.7992e-16 -8.2479e-02 -8.2479e-02 -7.7896e-02 -7.3314e-02 -6.7841e-02

Columns 6 to 7 
-6.1477e-02 -5.4685e-02
[torch.FloatTensor of size 1x8]

-------------
i = 80000, current_train_loss = [ 0.35714474]
W.data = 
 -0.2700   2.8360  -5.4458  -5.2142   6.4380  10.7190   3.5492 -12.5228
[torch.FloatTensor of size 1x8]

W.grad.data = 
1.00000e-03 *
  0.0079 -0.1387  0.0740  0.7867 -0.3205 -0.9672 -0.4654  1.0156
[torch.FloatTensor of size 1x8]

-------------
i = 160000, current_train_loss = [ 0.33891529]
W.data = 
 -0.3033   3.1418  -3.8770 -11.7177   7.5046  17.1711   7.1858 -19.0293
[torch.FloatTensor of size 1x8]

W.grad.data = 
1.00000e-04 *
  0.0113  0.2515 -3.6922  8.2519 -0.1520 -7.0354 -4.4941  6.7713
[torch.FloatTensor of size 1x8]

-------------
i = 240000, current_train_loss = [ 0.3238247]
W.data = 
 -0.3071   2.7278  -0.3854 -18.3185   7.2263  22.4082  10.7123 -23.9924
[torch.FloatTensor of size 1x8]

W.grad.data = 
1.00000e-04 *
  0.0100  0.6725 -4.7643  8.2413  0.6756 -6.1941 -4.3359  5.8150
[torch.FloatTensor of size 1x8]

-------------
i = 320000, current_train_loss = [ 0.30958423]
W.data = 
 -0.3031   2.1333   3.5493 -24.8399   6.6169  27.2240  14.1618 -28.4736
[torch.FloatTensor of size 1x8]

W.grad.data = 
1.00000e-04 *
 -0.0103  0.7661 -4.9601  8.0957  0.8642 -5.8911 -4.2463  5.4341
[torch.FloatTensor of size 1x8]

-------------
i = 400000, current_train_loss = [ 0.29600614]
W.data = 
 -0.2972   1.5029   7.5290 -31.2268   5.9254  31.8658  17.5193 -32.7516
[torch.FloatTensor of size 1x8]

W.grad.data = 
1.00000e-04 *
 -0.0041  0.7787 -4.9248  7.9125  0.8683 -5.7612 -4.2172  5.1558
[torch.FloatTensor of size 1x8]

-------------
i = 480000, current_train_loss = [ 0.28301772]
W.data = 
 -0.2911   0.8747  11.4568 -37.4775   5.2056  36.4120  20.7996 -36.9152
[torch.FloatTensor of size 1x8]

W.grad.data = 
1.00000e-04 *
 -0.0221  0.7803 -4.8627  7.7379  0.9022 -5.5435 -4.0220  5.1292
[torch.FloatTensor of size 1x8]

-------------
i = 560000, current_train_loss = [ 0.27073807]
W.data = 
 -0.2844   0.2450  15.3280 -43.5769   4.5468  40.7083  23.9977 -40.9009
[torch.FloatTensor of size 1x8]

W.grad.data = 
1.00000e-04 *
 -0.0183  0.7667 -4.7936  7.4383  0.7540 -5.4865 -3.9164  5.1090
[torch.FloatTensor of size 1x8]

-------------
i = 640000, current_train_loss = [ 0.25897881]
W.data = 
 -0.2783  -0.3511  19.0494 -49.5181   3.9116  44.9807  27.1358 -44.8682
[torch.FloatTensor of size 1x8]

W.grad.data = 
1.00000e-04 *
 -0.0128  0.7260 -4.5668  7.4270  0.8433 -5.3433 -3.9129  4.7946
[torch.FloatTensor of size 1x8]

-------------
i = 720000, current_train_loss = [ 0.24768916]
W.data = 
 -0.2727  -0.9364  22.7073 -55.3262   3.2055  49.2410  30.1945 -48.7528
[torch.FloatTensor of size 1x8]

W.grad.data = 
1.00000e-04 *
 -0.0201  0.7264 -4.5394  7.2283  0.8437 -5.1630 -3.7444  4.7652
[torch.FloatTensor of size 1x8]

--- 647.091367483139 seconds ---
--- 10.784856124718983 minutes ---
--- 0.17974760207864973 hours ---

plotting={'save_bulk_experiment': True, 'plotting': False}
lb_test=
