/home/slurm/slurmd/job9699851/slurm_script:268: RankWarning: Polyfit may be poorly conditioned
  c_pinv = np.polyfit( X_train.reshape((N_train,)) , Y_train.reshape((N_train,)) , Degree_mdl )[::-1]
/home/brando90/home_simulation_research/overparametrized_experiments/pytorch_experiments
SLURM_ARRAY_TASK_ID =  55
SLURM_JOBID =  9699851

--Degree_mdl=8 
--degrees=[3, 4, 5, 6, 7, 8] 
--SLURM_ARRAY_TASK_ID=55 

reg_lambda =  0
nb_iter =  800000
N_train=7, N_test=200
--->training SP mdl
nb =  800000
reg_lambda =  0
reg_type =  
reg_lambda=0
-------------
i = 0, current_train_loss = [ 0.4252848]
W.data = 

Columns 0 to 5 
-1.3996e-17  8.2479e-03  8.2479e-03  7.7896e-03  7.3314e-03  6.7841e-03

Columns 6 to 8 
 6.1477e-03  5.4685e-03  4.7929e-03
[torch.FloatTensor of size 1x9]

W.grad.data = 

Columns 0 to 5 
 1.3996e-16 -8.2479e-02 -8.2479e-02 -7.7896e-02 -7.3314e-02 -6.7841e-02

Columns 6 to 8 
-6.1477e-02 -5.4685e-02 -4.7929e-02
[torch.FloatTensor of size 1x9]

-------------
i = 80000, current_train_loss = [ 0.32340464]
W.data = 

Columns 0 to 7 
 -0.3121   3.3376  -4.7478  -8.4310   3.4945  11.5015   9.9195   0.1324

Columns 8 to 8 
-14.8333
[torch.FloatTensor of size 1x9]

W.grad.data = 
1.00000e-03 *
  0.0066 -0.0461 -0.3432  1.0534  0.1607 -0.7870 -0.9079 -0.2024  1.0701
[torch.FloatTensor of size 1x9]

-------------
i = 160000, current_train_loss = [ 0.29661226]
W.data = 

Columns 0 to 7 
 -0.3278   2.8695  -0.0601 -16.5735   1.1433  16.4388  16.3718   2.0067

Columns 8 to 8 
-21.8171
[torch.FloatTensor of size 1x9]

W.grad.data = 
1.00000e-04 *
 -0.0123  1.1098 -7.0630  9.8719  3.5684 -5.2459 -7.4676 -2.4832  7.6362
[torch.FloatTensor of size 1x9]

-------------
i = 240000, current_train_loss = [ 0.27302107]
W.data = 

Columns 0 to 7 
 -0.3184   1.8869   5.7188 -24.3073  -1.7996  20.3756  22.1168   3.9789

Columns 8 to 8 
-27.6035
[torch.FloatTensor of size 1x9]

W.grad.data = 
1.00000e-04 *
 -0.0121  1.2822 -7.2398  9.4435  3.7015 -4.6889 -6.9465 -2.4199  6.9586
[torch.FloatTensor of size 1x9]

-------------
i = 320000, current_train_loss = [ 0.25152245]
W.data = 

Columns 0 to 7 
 -0.3061   0.8749  11.4164 -31.6874  -4.7000  24.0292  27.5321   5.8823

Columns 8 to 8 
-32.9956
[torch.FloatTensor of size 1x9]

W.grad.data = 
1.00000e-04 *
  0.0008  1.2604 -6.9854  9.0308  3.5695 -4.4270 -6.5712 -2.2537  6.6752
[torch.FloatTensor of size 1x9]

-------------
i = 400000, current_train_loss = [ 0.23186268]
W.data = 

Columns 0 to 7 
 -0.2941  -0.0956  16.8699 -38.7368  -7.4888  27.5151  32.7237   7.7080

Columns 8 to 8 
-38.1578
[torch.FloatTensor of size 1x9]

W.grad.data = 
1.00000e-04 *
 -0.0197  1.1961 -6.7618  8.5894  3.3709 -4.2664 -6.3131 -2.2018  6.2937
[torch.FloatTensor of size 1x9]

-------------
i = 480000, current_train_loss = [ 0.21395727]
W.data = 

Columns 0 to 7 
 -0.2822  -1.0308  22.0972 -45.4795 -10.1403  30.8610  37.6195   9.4442

Columns 8 to 8 
-43.0478
[torch.FloatTensor of size 1x9]

W.grad.data = 
1.00000e-04 *
 -0.0062  1.1520 -6.3926  8.2706  3.2279 -4.0981 -6.0628 -2.1462  5.9452
[torch.FloatTensor of size 1x9]

-------------
i = 560000, current_train_loss = [ 0.19760494]
W.data = 

Columns 0 to 7 
 -0.2709  -1.9263  27.1035 -51.9426 -12.6488  34.0350  42.3038  11.0904

Columns 8 to 8 
-47.7048
[torch.FloatTensor of size 1x9]

W.grad.data = 
1.00000e-04 *
 -0.0139  1.0859 -6.1636  7.8273  2.9836 -3.9958 -5.8282 -2.0459  5.7064
[torch.FloatTensor of size 1x9]

-------------
i = 640000, current_train_loss = [ 0.18263146]
W.data = 

Columns 0 to 7 
 -0.2604  -2.7759  31.8753 -58.1238 -15.0519  37.0872  46.8037  12.6708

Columns 8 to 8 
-52.1878
[torch.FloatTensor of size 1x9]

W.grad.data = 
1.00000e-04 *
 -0.0147  1.0640 -5.8871  7.5325  2.9077 -3.7485 -5.4844 -1.8701  5.5156
[torch.FloatTensor of size 1x9]

-------------
i = 720000, current_train_loss = [ 0.16895495]
W.data = 

Columns 0 to 7 
 -0.2499  -3.5948  36.4562 -64.0504 -17.3437  40.0264  51.0762  14.1598

Columns 8 to 8 
-56.4445
[torch.FloatTensor of size 1x9]

W.grad.data = 
1.00000e-04 *
 -0.0522  0.9682 -5.5921  7.2306  2.7539 -3.6395 -5.3137 -1.8793  5.1445
[torch.FloatTensor of size 1x9]

--- 400.1835217475891 seconds ---
--- 6.669725362459818 minutes ---
--- 0.11116208937433031 hours ---

plotting={'save_bulk_experiment': True, 'plotting': False}
lb_test=
