/home/brando90/home_simulation_research/overparametrized_experiments/pytorch_experiments
SLURM_ARRAY_TASK_ID =  26
SLURM_JOBID =  9699821

--Degree_mdl=5 
--degrees=[3, 4, 5, 6, 7, 8] 
--SLURM_ARRAY_TASK_ID=26 

reg_lambda =  0
nb_iter =  800000
N_train=7, N_test=200
--->training SP mdl
nb =  800000
reg_lambda =  0
reg_type =  
reg_lambda=0
-------------
i = 0, current_train_loss = [ 0.42593381]
W.data = 
-2.7992e-17  8.2479e-03  8.2479e-03  7.7896e-03  7.3314e-03  6.7841e-03
[torch.FloatTensor of size 1x6]

W.grad.data = 
 2.7992e-16 -8.2479e-02 -8.2479e-02 -7.7896e-02 -7.3314e-02 -6.7841e-02
[torch.FloatTensor of size 1x6]

-------------
i = 80000, current_train_loss = [ 0.40822026]
W.data = 
-0.1911  0.8607 -1.9736  0.2909  4.6952 -3.5193
[torch.FloatTensor of size 1x6]

W.grad.data = 
1.00000e-04 *
  0.0212 -0.6999  2.1964  0.2812 -5.4707  3.7018
[torch.FloatTensor of size 1x6]

-------------
i = 160000, current_train_loss = [ 0.40492573]
W.data = 
-0.2058  1.3203 -3.3413 -0.2360  8.7952 -6.1767
[torch.FloatTensor of size 1x6]

W.grad.data = 
1.00000e-04 *
  0.0188 -0.4602  1.2784  0.9942 -4.8139  2.9838
[torch.FloatTensor of size 1x6]

-------------
i = 240000, current_train_loss = [ 0.4024545]
W.data = 
 -0.2161   1.6205  -4.0875  -1.2492  12.4382  -8.3555
[torch.FloatTensor of size 1x6]

W.grad.data = 
1.00000e-04 *
  0.0077 -0.2956  0.6196  1.4997 -4.3400  2.4802
[torch.FloatTensor of size 1x6]

-------------
i = 320000, current_train_loss = [ 0.40040386]
W.data = 
 -0.2234   1.8070  -4.3909  -2.6083  15.7557 -10.1935
[torch.FloatTensor of size 1x6]

W.grad.data = 
1.00000e-04 *
  0.0032 -0.1789  0.1641  1.8777 -3.9781  2.1446
[torch.FloatTensor of size 1x6]

-------------
i = 400000, current_train_loss = [ 0.39856574]
W.data = 
 -0.2284   1.9131  -4.3787  -4.2179  18.8467 -11.7909
[torch.FloatTensor of size 1x6]

W.grad.data = 
1.00000e-04 *
  0.0057 -0.0839 -0.1701  2.1356 -3.7226  1.9069
[torch.FloatTensor of size 1x6]

-------------
i = 480000, current_train_loss = [ 0.39684474]
W.data = 
 -0.2318   1.9609  -4.1413  -5.9986  21.7631 -13.2104
[torch.FloatTensor of size 1x6]

W.grad.data = 
1.00000e-04 *
  0.0031 -0.0292 -0.4092  2.3196 -3.5333  1.7461
[torch.FloatTensor of size 1x6]

-------------
i = 560000, current_train_loss = [ 0.39518961]
W.data = 
 -0.2341   1.9668  -3.7445  -7.8952  24.5484 -14.5012
[torch.FloatTensor of size 1x6]

W.grad.data = 
1.00000e-04 *
 -0.0006  0.0133 -0.5667  2.4371 -3.4342  1.5724
[torch.FloatTensor of size 1x6]

-------------
i = 640000, current_train_loss = [ 0.39354837]
W.data = 
 -0.2356   1.9470  -3.2416  -9.8918  27.2867 -15.7256
[torch.FloatTensor of size 1x6]

W.grad.data = 
1.00000e-04 *
  0.0022  0.0387 -0.6929  2.5283 -3.3385  1.4748
[torch.FloatTensor of size 1x6]

-------------
i = 720000, current_train_loss = [ 0.39195427]
W.data = 
 -0.2365   1.9005  -2.6410 -11.9390  29.9014 -16.8473
[torch.FloatTensor of size 1x6]

W.grad.data = 
1.00000e-04 *
  0.0007  0.0633 -0.7798  2.5768 -3.2742  1.4251
[torch.FloatTensor of size 1x6]

--- 761.49036860466 seconds ---
--- 12.691506143411 minutes ---
--- 0.21152510239018335 hours ---

plotting={'save_bulk_experiment': True, 'plotting': False}
lb_test=
