/home/brando90/home_simulation_research/overparametrized_experiments/pytorch_experiments
SLURM_ARRAY_TASK_ID =  7
SLURM_JOBID =  9699802

--Degree_mdl=3 
--degrees=[3, 4, 5, 6, 7, 8] 
--SLURM_ARRAY_TASK_ID=7 

reg_lambda =  0
nb_iter =  800000
N_train=7, N_test=200
--->training SP mdl
nb =  800000
reg_lambda =  0
reg_type =  
reg_lambda=0
-------------
i = 0, current_train_loss = [ 0.42675892]
W.data = 
1.00000e-03 *
  0.0000  8.2479  8.2479  7.7896
[torch.FloatTensor of size 1x4]

W.grad.data = 
1.00000e-02 *
  0.0000 -8.2479 -8.2479 -7.7896
[torch.FloatTensor of size 1x4]

-------------
i = 80000, current_train_loss = [ 0.41326532]
W.data = 
-0.1855  0.3691  0.0052 -0.0034
[torch.FloatTensor of size 1x4]

W.grad.data = 
1.00000e-06 *
  0.0596 -0.7547  1.8735 -1.2296
[torch.FloatTensor of size 1x4]

-------------
i = 160000, current_train_loss = [ 0.41326532]
W.data = 
-0.1856  0.3710  0.0003 -0.0002
[torch.FloatTensor of size 1x4]

W.grad.data = 
1.00000e-07 *
 -0.2980 -1.2741  0.9213 -0.6155
[torch.FloatTensor of size 1x4]

-------------
i = 240000, current_train_loss = [ 0.41326532]
W.data = 
-0.1856  0.3711  0.0001 -0.0001
[torch.FloatTensor of size 1x4]

W.grad.data = 
1.00000e-07 *
  0.0373 -1.2666  0.0745  0.0000
[torch.FloatTensor of size 1x4]

-------------
i = 320000, current_train_loss = [ 0.41326532]
W.data = 
-0.1856  0.3711  0.0001 -0.0000
[torch.FloatTensor of size 1x4]

W.grad.data = 
1.00000e-07 *
 -0.1442 -1.3654 -0.0558 -0.0376
[torch.FloatTensor of size 1x4]

-------------
i = 400000, current_train_loss = [ 0.41326532]
W.data = 
-0.1856  0.3711  0.0001 -0.0000
[torch.FloatTensor of size 1x4]

W.grad.data = 
1.00000e-07 *
  0.2980 -1.1936 -0.0808 -0.0114
[torch.FloatTensor of size 1x4]

-------------
i = 480000, current_train_loss = [ 0.41326532]
W.data = 
-0.1856  0.3711  0.0001 -0.0000
[torch.FloatTensor of size 1x4]

W.grad.data = 
1.00000e-07 *
  0.1118 -1.1548  0.0000  0.0000
[torch.FloatTensor of size 1x4]

-------------
i = 560000, current_train_loss = [ 0.41326532]
W.data = 
-0.1856  0.3711  0.0001 -0.0000
[torch.FloatTensor of size 1x4]

W.grad.data = 
1.00000e-07 *
 -0.1417 -1.1655 -0.1260 -0.1197
[torch.FloatTensor of size 1x4]

-------------
i = 640000, current_train_loss = [ 0.41326532]
W.data = 
-0.1856  0.3711  0.0001 -0.0000
[torch.FloatTensor of size 1x4]

W.grad.data = 
1.00000e-08 *
  2.9802 -9.4074  1.1640  1.0243
[torch.FloatTensor of size 1x4]

-------------
i = 720000, current_train_loss = [ 0.41326532]
W.data = 
-0.1856  0.3711  0.0001 -0.0000
[torch.FloatTensor of size 1x4]

W.grad.data = 
1.00000e-07 *
  0.0000 -1.0903  0.0101  0.0285
[torch.FloatTensor of size 1x4]

--- 389.70748233795166 seconds ---
--- 6.495124705632528 minutes ---
--- 0.1082520784272088 hours ---

plotting={'save_bulk_experiment': True, 'plotting': False}
lb_test=
