/home/brando90/home_simulation_research/overparametrized_experiments/pytorch_experiments
SLURM_ARRAY_TASK_ID =  12
SLURM_JOBID =  9699807

--Degree_mdl=4 
--degrees=[3, 4, 5, 6, 7, 8] 
--SLURM_ARRAY_TASK_ID=12 

reg_lambda =  0
nb_iter =  800000
N_train=7, N_test=200
--->training SP mdl
nb =  800000
reg_lambda =  0
reg_type =  
reg_lambda=0
-------------
i = 0, current_train_loss = [ 0.42630515]
W.data = 
-1.3996e-17  8.2479e-03  8.2479e-03  7.7896e-03  7.3314e-03
[torch.FloatTensor of size 1x5]

W.grad.data = 
 1.3996e-16 -8.2479e-02 -8.2479e-02 -7.7896e-02 -7.3314e-02
[torch.FloatTensor of size 1x5]

-------------
i = 80000, current_train_loss = [ 0.41326535]
W.data = 
-0.1855  0.3679  0.0164 -0.0258  0.0127
[torch.FloatTensor of size 1x5]

W.grad.data = 
1.00000e-07 *
  0.0000 -1.4529  1.8254 -2.9430  1.2293
[torch.FloatTensor of size 1x5]

-------------
i = 160000, current_train_loss = [ 0.41326532]
W.data = 
-0.1855  0.3682  0.0150 -0.0236  0.0116
[torch.FloatTensor of size 1x5]

W.grad.data = 
1.00000e-07 *
  0.4470 -1.1921  1.6391 -2.6077  1.3411
[torch.FloatTensor of size 1x5]

-------------
i = 240000, current_train_loss = [ 0.41326532]
W.data = 
-0.1855  0.3684  0.0137 -0.0216  0.0106
[torch.FloatTensor of size 1x5]

W.grad.data = 
1.00000e-07 *
  0.1118 -1.2150  1.6277 -2.2316  1.3266
[torch.FloatTensor of size 1x5]

-------------
i = 320000, current_train_loss = [ 0.41326532]
W.data = 
-0.1855  0.3687  0.0125 -0.0197  0.0097
[torch.FloatTensor of size 1x5]

W.grad.data = 
1.00000e-07 *
  0.2980 -1.2666  1.3411 -2.1793  1.1036
[torch.FloatTensor of size 1x5]

-------------
i = 400000, current_train_loss = [ 0.41326532]
W.data = 
-0.1855  0.3689  0.0115 -0.0180  0.0088
[torch.FloatTensor of size 1x5]

W.grad.data = 
1.00000e-07 *
 -0.0373 -1.3792  1.3221 -1.9187  1.0453
[torch.FloatTensor of size 1x5]

-------------
i = 480000, current_train_loss = [ 0.41326532]
W.data = 
-0.1855  0.3691  0.0105 -0.0165  0.0081
[torch.FloatTensor of size 1x5]

W.grad.data = 
1.00000e-07 *
  0.4470 -1.3411  1.1921 -1.7881  0.8941
[torch.FloatTensor of size 1x5]

-------------
i = 560000, current_train_loss = [ 0.41326532]
W.data = 
-0.1855  0.3692  0.0096 -0.0151  0.0074
[torch.FloatTensor of size 1x5]

W.grad.data = 
1.00000e-07 *
  0.2980 -1.3411  1.0431 -1.6391  0.8196
[torch.FloatTensor of size 1x5]

-------------
i = 640000, current_train_loss = [ 0.41326532]
W.data = 
-0.1855  0.3694  0.0088 -0.0138  0.0068
[torch.FloatTensor of size 1x5]

W.grad.data = 
1.00000e-07 *
  0.0000 -1.3411  0.8754 -1.5553  0.7544
[torch.FloatTensor of size 1x5]

-------------
i = 720000, current_train_loss = [ 0.41326529]
W.data = 
-0.1855  0.3695  0.0080 -0.0127  0.0062
[torch.FloatTensor of size 1x5]

W.grad.data = 
1.00000e-07 *
  0.0000 -1.2666  0.9127 -1.4156  0.6426
[torch.FloatTensor of size 1x5]

--- 609.1536037921906 seconds ---
--- 10.152560063203175 minutes ---
--- 0.1692093343867196 hours ---

plotting={'save_bulk_experiment': True, 'plotting': False}
lb_test=
