storing results? = True
device = cuda
seed: 56563553405112796
model = GBoixNet
nets = [GBoixNet(
  (conv0): Conv2d(3, 24, kernel_size=(5, 5), stride=(1, 1))
  (conv1): Conv2d(24, 24, kernel_size=(5, 5), stride=(1, 1), bias=False)
  (fc0): Linear(in_features=13824, out_features=10, bias=False)
)]
Files already downloaded and verified
Files already downloaded and verified
train_loss_epoch, train_error_epoch  = 2.3039711884089877, 0.9022347002613301 
 test_loss_epoch, test_error_epoch  = 2.304293394088745, 0.8988101840019226
Model overparametrized? N, W = 50000 vs 154464
Model overparametrized? N < W = True
--- 10.785707950592041 seconds setup ---
--- 0.179761799176534 minutes setup ---
--- 0.0029960299862755667 hours setup ---

----
START training: label_corrupt_prob=1.0,nb_epochs=400,batch_size=1024,lr=0.01,momentum=0.9,mdl=GBoixNet,batch-norm=False,nb_params=154464
[-1, -1], (train_loss: 2.3039713392452317, train error: 0.9022429731427407) , (test loss: 2.304293394088745, test error: 0.8988101840019226)
about to start training
[0, 49], (train_loss: 9.541267268511714, train error: 0.8999536037445068) , (test loss: 2.3025850534439085, test error: 0.9018674254417419)
[1, 49], (train_loss: 2.353896666546257, train error: 0.9003710746765137) , (test loss: 2.302585005760193, test error: 0.9013791441917419)
[2, 49], (train_loss: 2.302882432937622, train error: 0.8996264934539795) , (test loss: 2.302585005760193, test error: 0.9024613320827484)
[3, 49], (train_loss: 2.302586925273039, train error: 0.8992188572883606) , (test loss: 2.302585005760193, test error: 0.9024613320827484)
[4, 49], (train_loss: 2.3025848865509033, train error: 0.8986300230026245) , (test loss: 2.302585005760193, test error: 0.9013791441917419)
[5, 49], (train_loss: 2.3025848865509033, train error: 0.8978282809257507) , (test loss: 2.302585005760193, test error: 0.9013791441917419)
[6, 49], (train_loss: 2.3025848865509033, train error: 0.9005695581436157) , (test loss: 2.302585005760193, test error: 0.9013791441917419)
[7, 49], (train_loss: 2.3025848865509033, train error: 0.8993008732795715) , (test loss: 2.302585005760193, test error: 0.9013791441917419)
[8, 49], (train_loss: 2.3025848865509033, train error: 0.8994603157043457) , (test loss: 2.302585005760193, test error: 0.9013791441917419)
[9, 49], (train_loss: 2.3025848865509033, train error: 0.9003353118896484) , (test loss: 2.302585005760193, test error: 0.9024613320827484)
[10, 49], (train_loss: 2.3025848865509033, train error: 0.8997092843055725) , (test loss: 2.302585005760193, test error: 0.9024613320827484)
[11, 49], (train_loss: 2.3025848865509033, train error: 0.898340106010437) , (test loss: 2.302585005760193, test error: 0.9024613320827484)
[12, 49], (train_loss: 2.3025848865509033, train error: 0.9003729224205017) , (test loss: 2.302585005760193, test error: 0.9008609652519226)
[13, 49], (train_loss: 2.3025848865509033, train error: 0.9009832143783569) , (test loss: 2.302585005760193, test error: 0.897173947095871)
[14, 49], (train_loss: 2.3025848865509033, train error: 0.9005372524261475) , (test loss: 2.302585005760193, test error: 0.897173947095871)
[15, 49], (train_loss: 2.3025848865509033, train error: 0.9005827307701111) , (test loss: 2.302585005760193, test error: 0.897173947095871)
[16, 49], (train_loss: 2.3025848865509033, train error: 0.90062415599823) , (test loss: 2.302585005760193, test error: 0.897173947095871)
[17, 49], (train_loss: 2.3025848865509033, train error: 0.9005662202835083) , (test loss: 2.302585005760193, test error: 0.897173947095871)
[18, 49], (train_loss: 2.3025848865509033, train error: 0.9005621075630188) , (test loss: 2.302585005760193, test error: 0.897173947095871)
[19, 49], (train_loss: 2.3025848865509033, train error: 0.9005579352378845) , (test loss: 2.302585005760193, test error: 0.897173947095871)
[20, 49], (train_loss: 2.3025848865509033, train error: 0.9005290269851685) , (test loss: 2.302585005760193, test error: 0.897173947095871)
[21, 49], (train_loss: 2.3025848865509033, train error: 0.9005083441734314) , (test loss: 2.302585005760193, test error: 0.897173947095871)
[22, 49], (train_loss: 2.3025848865509033, train error: 0.9005827307701111) , (test loss: 2.302585005760193, test error: 0.897173947095871)
[23, 49], (train_loss: 2.3025848865509033, train error: 0.9005290269851685) , (test loss: 2.302585005760193, test error: 0.897173947095871)
[24, 49], (train_loss: 2.3025848865509033, train error: 0.9005621075630188) , (test loss: 2.302585005760193, test error: 0.897173947095871)
[25, 49], (train_loss: 2.3025848865509033, train error: 0.9005124568939209) , (test loss: 2.302585005760193, test error: 0.897173947095871)
[26, 49], (train_loss: 2.3025848865509033, train error: 0.9005537629127502) , (test loss: 2.302585005760193, test error: 0.897173947095871)
[27, 49], (train_loss: 2.3025848865509033, train error: 0.9005745053291321) , (test loss: 2.302585005760193, test error: 0.897173947095871)
[28, 49], (train_loss: 2.3025848865509033, train error: 0.9005083441734314) , (test loss: 2.302585005760193, test error: 0.897173947095871)
[29, 49], (train_loss: 2.3025848865509033, train error: 0.900533139705658) , (test loss: 2.302585005760193, test error: 0.897173947095871)
[30, 49], (train_loss: 2.3025848865509033, train error: 0.9005372524261475) , (test loss: 2.302585005760193, test error: 0.897173947095871)
[31, 49], (train_loss: 2.3025848865509033, train error: 0.9005290269851685) , (test loss: 2.302585005760193, test error: 0.897173947095871)
[32, 49], (train_loss: 2.3025848865509033, train error: 0.9006282687187195) , (test loss: 2.302585005760193, test error: 0.897173947095871)
[33, 49], (train_loss: 2.3025848865509033, train error: 0.900533139705658) , (test loss: 2.302585005760193, test error: 0.897173947095871)
[34, 49], (train_loss: 2.3025848865509033, train error: 0.9005496501922607) , (test loss: 2.302585005760193, test error: 0.897173947095871)
[35, 49], (train_loss: 2.3025848865509033, train error: 0.9005455374717712) , (test loss: 2.302585005760193, test error: 0.897173947095871)
[36, 49], (train_loss: 2.3025848865509033, train error: 0.9005496501922607) , (test loss: 2.302585005760193, test error: 0.897173947095871)
[37, 49], (train_loss: 2.3025848865509033, train error: 0.9005496501922607) , (test loss: 2.302585005760193, test error: 0.897173947095871)
[38, 49], (train_loss: 2.3025848865509033, train error: 0.9005455374717712) , (test loss: 2.302585005760193, test error: 0.897173947095871)
[39, 49], (train_loss: 2.3025848865509033, train error: 0.9004876017570496) , (test loss: 2.302585005760193, test error: 0.897173947095871)
[40, 49], (train_loss: 2.3025848865509033, train error: 0.9005662202835083) , (test loss: 2.302585005760193, test error: 0.897173947095871)
[41, 49], (train_loss: 2.3025848865509033, train error: 0.900533139705658) , (test loss: 2.302585005760193, test error: 0.897173947095871)
[42, 49], (train_loss: 2.3025848865509033, train error: 0.9005662202835083) , (test loss: 2.302585005760193, test error: 0.897173947095871)
[43, 49], (train_loss: 2.3025848865509033, train error: 0.900533139705658) , (test loss: 2.302585005760193, test error: 0.897173947095871)
[44, 49], (train_loss: 2.3025848865509033, train error: 0.9005496501922607) , (test loss: 2.302585005760193, test error: 0.897173947095871)
[45, 49], (train_loss: 2.3025848865509033, train error: 0.9004834890365601) , (test loss: 2.302585005760193, test error: 0.897173947095871)
[46, 49], (train_loss: 2.3025848865509033, train error: 0.9005414247512817) , (test loss: 2.302585005760193, test error: 0.897173947095871)
[47, 49], (train_loss: 2.3025848865509033, train error: 0.9005041718482971) , (test loss: 2.302585005760193, test error: 0.897173947095871)
[48, 49], (train_loss: 2.3025848865509033, train error: 0.9005000591278076) , (test loss: 2.302585005760193, test error: 0.897173947095871)
[49, 49], (train_loss: 2.3025848865509033, train error: 0.9005247950553894) , (test loss: 2.302585005760193, test error: 0.897173947095871)
[50, 49], (train_loss: 2.3025848865509033, train error: 0.9005537629127502) , (test loss: 2.302585005760193, test error: 0.897173947095871)
[51, 49], (train_loss: 2.3025848865509033, train error: 0.9004917144775391) , (test loss: 2.302585005760193, test error: 0.897173947095871)
[52, 49], (train_loss: 2.3025848865509033, train error: 0.9005041718482971) , (test loss: 2.302585005760193, test error: 0.897173947095871)
[53, 49], (train_loss: 2.3025848865509033, train error: 0.9005124568939209) , (test loss: 2.302585005760193, test error: 0.897173947095871)
[54, 49], (train_loss: 2.3025848865509033, train error: 0.9005290269851685) , (test loss: 2.302585005760193, test error: 0.897173947095871)
[55, 49], (train_loss: 2.3025848865509033, train error: 0.9004958868026733) , (test loss: 2.302585005760193, test error: 0.897173947095871)
[56, 49], (train_loss: 2.3025848865509033, train error: 0.9005579352378845) , (test loss: 2.302585005760193, test error: 0.897173947095871)
[57, 49], (train_loss: 2.3025848865509033, train error: 0.9005206823348999) , (test loss: 2.302585005760193, test error: 0.897173947095871)
[58, 49], (train_loss: 2.3025848865509033, train error: 0.9005662202835083) , (test loss: 2.302585005760193, test error: 0.897173947095871)
[59, 49], (train_loss: 2.3025848865509033, train error: 0.9005372524261475) , (test loss: 2.302585005760193, test error: 0.897173947095871)
[60, 49], (train_loss: 2.3025848865509033, train error: 0.9005662202835083) , (test loss: 2.302585005760193, test error: 0.897173947095871)
[61, 49], (train_loss: 2.3025848865509033, train error: 0.9005124568939209) , (test loss: 2.302585005760193, test error: 0.897173947095871)
[62, 49], (train_loss: 2.3025848865509033, train error: 0.9005496501922607) , (test loss: 2.302585005760193, test error: 0.897173947095871)
[63, 49], (train_loss: 2.3025848865509033, train error: 0.9005786180496216) , (test loss: 2.302585005760193, test error: 0.897173947095871)
[64, 49], (train_loss: 2.3025848865509033, train error: 0.9004834890365601) , (test loss: 2.302585005760193, test error: 0.897173947095871)
[65, 49], (train_loss: 2.3025848865509033, train error: 0.9004917144775391) , (test loss: 2.302585005760193, test error: 0.897173947095871)
[66, 49], (train_loss: 2.3025848865509033, train error: 0.9005290269851685) , (test loss: 2.302585005760193, test error: 0.897173947095871)
[67, 49], (train_loss: 2.3025848865509033, train error: 0.9005206823348999) , (test loss: 2.302585005760193, test error: 0.897173947095871)
[68, 49], (train_loss: 2.3025848865509033, train error: 0.9005621075630188) , (test loss: 2.302585005760193, test error: 0.897173947095871)
[69, 49], (train_loss: 2.3025848865509033, train error: 0.9005579352378845) , (test loss: 2.302585005760193, test error: 0.897173947095871)
[70, 49], (train_loss: 2.3025848865509033, train error: 0.900533139705658) , (test loss: 2.302585005760193, test error: 0.897173947095871)
[71, 49], (train_loss: 2.3025848865509033, train error: 0.900533139705658) , (test loss: 2.302585005760193, test error: 0.897173947095871)
[72, 49], (train_loss: 2.3025848865509033, train error: 0.9005206823348999) , (test loss: 2.302585005760193, test error: 0.897173947095871)
[73, 49], (train_loss: 2.3025848865509033, train error: 0.9005745053291321) , (test loss: 2.302585005760193, test error: 0.897173947095871)
[74, 49], (train_loss: 2.3025848865509033, train error: 0.9005372524261475) , (test loss: 2.302585005760193, test error: 0.897173947095871)
[75, 49], (train_loss: 2.3025848865509033, train error: 0.9005165696144104) , (test loss: 2.302585005760193, test error: 0.897173947095871)
[76, 49], (train_loss: 2.3025848865509033, train error: 0.9005496501922607) , (test loss: 2.302585005760193, test error: 0.897173947095871)
[77, 49], (train_loss: 2.3025848865509033, train error: 0.9005621075630188) , (test loss: 2.302585005760193, test error: 0.897173947095871)
[78, 49], (train_loss: 2.3025848865509033, train error: 0.9005206823348999) , (test loss: 2.302585005760193, test error: 0.897173947095871)
[79, 49], (train_loss: 2.3025848865509033, train error: 0.9005662202835083) , (test loss: 2.302585005760193, test error: 0.897173947095871)
[80, 49], (train_loss: 2.3025848865509033, train error: 0.9005662202835083) , (test loss: 2.302585005760193, test error: 0.897173947095871)
[81, 49], (train_loss: 2.3025848865509033, train error: 0.9005290269851685) , (test loss: 2.302585005760193, test error: 0.897173947095871)
[82, 49], (train_loss: 2.3025848865509033, train error: 0.9005041718482971) , (test loss: 2.302585005760193, test error: 0.897173947095871)
[83, 49], (train_loss: 2.3025848865509033, train error: 0.9005455374717712) , (test loss: 2.302585005760193, test error: 0.897173947095871)
[84, 49], (train_loss: 2.3025848865509033, train error: 0.9005662202835083) , (test loss: 2.302585005760193, test error: 0.897173947095871)
[85, 49], (train_loss: 2.3025848865509033, train error: 0.9005124568939209) , (test loss: 2.302585005760193, test error: 0.897173947095871)
[86, 49], (train_loss: 2.3025848865509033, train error: 0.9005703926086426) , (test loss: 2.302585005760193, test error: 0.897173947095871)
[87, 49], (train_loss: 2.3025848865509033, train error: 0.9004958868026733) , (test loss: 2.302585005760193, test error: 0.897173947095871)
[88, 49], (train_loss: 2.3025848865509033, train error: 0.9005786180496216) , (test loss: 2.302585005760193, test error: 0.897173947095871)
[89, 49], (train_loss: 2.3025848865509033, train error: 0.9005455374717712) , (test loss: 2.302585005760193, test error: 0.897173947095871)
[90, 49], (train_loss: 2.3025848865509033, train error: 0.9005496501922607) , (test loss: 2.302585005760193, test error: 0.897173947095871)
[91, 49], (train_loss: 2.3025848865509033, train error: 0.9005290269851685) , (test loss: 2.302585005760193, test error: 0.897173947095871)
[92, 49], (train_loss: 2.3025848865509033, train error: 0.9005414247512817) , (test loss: 2.302585005760193, test error: 0.897173947095871)
[93, 49], (train_loss: 2.3025848865509033, train error: 0.9005414247512817) , (test loss: 2.302585005760193, test error: 0.897173947095871)
[94, 49], (train_loss: 2.3025848865509033, train error: 0.9005206823348999) , (test loss: 2.302585005760193, test error: 0.897173947095871)
[95, 49], (train_loss: 2.3025848865509033, train error: 0.9005206823348999) , (test loss: 2.302585005760193, test error: 0.897173947095871)
[96, 49], (train_loss: 2.3025848865509033, train error: 0.9005247950553894) , (test loss: 2.302585005760193, test error: 0.897173947095871)
[97, 49], (train_loss: 2.3025848865509033, train error: 0.9004752039909363) , (test loss: 2.302585005760193, test error: 0.897173947095871)
[98, 49], (train_loss: 2.3025848865509033, train error: 0.9005621075630188) , (test loss: 2.302585005760193, test error: 0.897173947095871)
[99, 49], (train_loss: 2.3025848865509033, train error: 0.9006075859069824) , (test loss: 2.302585005760193, test error: 0.897173947095871)
[100, 49], (train_loss: 2.3025848865509033, train error: 0.9004255533218384) , (test loss: 2.302585005760193, test error: 0.897173947095871)
[101, 49], (train_loss: 2.3025848865509033, train error: 0.9005496501922607) , (test loss: 2.302585005760193, test error: 0.897173947095871)
[102, 49], (train_loss: 2.3025848865509033, train error: 0.9005910158157349) , (test loss: 2.302585005760193, test error: 0.897173947095871)
[103, 49], (train_loss: 2.3025848865509033, train error: 0.9005496501922607) , (test loss: 2.302585005760193, test error: 0.897173947095871)
[104, 49], (train_loss: 2.3025848865509033, train error: 0.9005455374717712) , (test loss: 2.302585005760193, test error: 0.897173947095871)
[105, 49], (train_loss: 2.3025848865509033, train error: 0.9005414247512817) , (test loss: 2.302585005760193, test error: 0.897173947095871)
[106, 49], (train_loss: 2.3025848865509033, train error: 0.9005455374717712) , (test loss: 2.302585005760193, test error: 0.897173947095871)
[107, 49], (train_loss: 2.3025848865509033, train error: 0.9005124568939209) , (test loss: 2.302585005760193, test error: 0.897173947095871)
[108, 49], (train_loss: 2.3025848865509033, train error: 0.900533139705658) , (test loss: 2.302585005760193, test error: 0.897173947095871)
[109, 49], (train_loss: 2.3025848865509033, train error: 0.9005165696144104) , (test loss: 2.302585005760193, test error: 0.897173947095871)
[110, 49], (train_loss: 2.3025848865509033, train error: 0.9005083441734314) , (test loss: 2.302585005760193, test error: 0.897173947095871)
[111, 49], (train_loss: 2.3025848865509033, train error: 0.900533139705658) , (test loss: 2.302585005760193, test error: 0.897173947095871)
[112, 49], (train_loss: 2.3025848865509033, train error: 0.900533139705658) , (test loss: 2.302585005760193, test error: 0.897173947095871)
[113, 49], (train_loss: 2.3025848865509033, train error: 0.9004752039909363) , (test loss: 2.302585005760193, test error: 0.897173947095871)
[114, 49], (train_loss: 2.3025848865509033, train error: 0.9005786180496216) , (test loss: 2.302585005760193, test error: 0.897173947095871)
[115, 49], (train_loss: 2.3025848865509033, train error: 0.9005496501922607) , (test loss: 2.302585005760193, test error: 0.897173947095871)
[116, 49], (train_loss: 2.3025848865509033, train error: 0.9005000591278076) , (test loss: 2.302585005760193, test error: 0.897173947095871)
[117, 49], (train_loss: 2.3025848865509033, train error: 0.9005165696144104) , (test loss: 2.302585005760193, test error: 0.897173947095871)
[118, 49], (train_loss: 2.3025848865509033, train error: 0.9005247950553894) , (test loss: 2.302585005760193, test error: 0.897173947095871)
[119, 49], (train_loss: 2.3025848865509033, train error: 0.9005745053291321) , (test loss: 2.302585005760193, test error: 0.897173947095871)
[120, 49], (train_loss: 2.3025848865509033, train error: 0.9005455374717712) , (test loss: 2.302585005760193, test error: 0.897173947095871)
[121, 49], (train_loss: 2.3025848865509033, train error: 0.9004462957382202) , (test loss: 2.302585005760193, test error: 0.897173947095871)
[122, 49], (train_loss: 2.3025848865509033, train error: 0.9005910158157349) , (test loss: 2.302585005760193, test error: 0.897173947095871)
[123, 49], (train_loss: 2.3025848865509033, train error: 0.9005537629127502) , (test loss: 2.302585005760193, test error: 0.897173947095871)
[124, 49], (train_loss: 2.3025848865509033, train error: 0.9005537629127502) , (test loss: 2.302585005760193, test error: 0.897173947095871)
[125, 49], (train_loss: 2.3025848865509033, train error: 0.9005579352378845) , (test loss: 2.302585005760193, test error: 0.897173947095871)
[126, 49], (train_loss: 2.3025848865509033, train error: 0.900533139705658) , (test loss: 2.302585005760193, test error: 0.897173947095871)
[127, 49], (train_loss: 2.3025848865509033, train error: 0.9004834890365601) , (test loss: 2.302585005760193, test error: 0.897173947095871)
[128, 49], (train_loss: 2.3025848865509033, train error: 0.9005414247512817) , (test loss: 2.302585005760193, test error: 0.897173947095871)
[129, 49], (train_loss: 2.3025848865509033, train error: 0.9005703926086426) , (test loss: 2.302585005760193, test error: 0.897173947095871)
[130, 49], (train_loss: 2.3025848865509033, train error: 0.9005247950553894) , (test loss: 2.302585005760193, test error: 0.897173947095871)
[131, 49], (train_loss: 2.3025848865509033, train error: 0.9005041718482971) , (test loss: 2.302585005760193, test error: 0.897173947095871)
[132, 49], (train_loss: 2.3025848865509033, train error: 0.9005703926086426) , (test loss: 2.302585005760193, test error: 0.897173947095871)
[133, 49], (train_loss: 2.3025848865509033, train error: 0.9005372524261475) , (test loss: 2.302585005760193, test error: 0.897173947095871)
[134, 49], (train_loss: 2.3025848865509033, train error: 0.9005868434906006) , (test loss: 2.302585005760193, test error: 0.897173947095871)
[135, 49], (train_loss: 2.3025848865509033, train error: 0.9005537629127502) , (test loss: 2.302585005760193, test error: 0.897173947095871)
[136, 49], (train_loss: 2.3025848865509033, train error: 0.9005372524261475) , (test loss: 2.302585005760193, test error: 0.897173947095871)
[137, 49], (train_loss: 2.3025848865509033, train error: 0.9005786180496216) , (test loss: 2.302585005760193, test error: 0.897173947095871)
[138, 49], (train_loss: 2.3025848865509033, train error: 0.9005455374717712) , (test loss: 2.302585005760193, test error: 0.897173947095871)
[139, 49], (train_loss: 2.3025848865509033, train error: 0.9005414247512817) , (test loss: 2.302585005760193, test error: 0.897173947095871)
[140, 49], (train_loss: 2.3025848865509033, train error: 0.9005000591278076) , (test loss: 2.302585005760193, test error: 0.897173947095871)
[141, 49], (train_loss: 2.3025848865509033, train error: 0.9005455374717712) , (test loss: 2.302585005760193, test error: 0.897173947095871)
[142, 49], (train_loss: 2.3025848865509033, train error: 0.9005000591278076) , (test loss: 2.302585005760193, test error: 0.897173947095871)
[143, 49], (train_loss: 2.3025848865509033, train error: 0.9005621075630188) , (test loss: 2.302585005760193, test error: 0.897173947095871)
[144, 49], (train_loss: 2.3025848865509033, train error: 0.9005414247512817) , (test loss: 2.302585005760193, test error: 0.897173947095871)
[145, 49], (train_loss: 2.3025848865509033, train error: 0.9005414247512817) , (test loss: 2.302585005760193, test error: 0.897173947095871)
[146, 49], (train_loss: 2.3025848865509033, train error: 0.9005083441734314) , (test loss: 2.302585005760193, test error: 0.897173947095871)
[147, 49], (train_loss: 2.3025848865509033, train error: 0.900533139705658) , (test loss: 2.302585005760193, test error: 0.897173947095871)
[148, 49], (train_loss: 2.3025848865509033, train error: 0.9005455374717712) , (test loss: 2.302585005760193, test error: 0.897173947095871)
[149, 49], (train_loss: 2.3025848865509033, train error: 0.9005910158157349) , (test loss: 2.302585005760193, test error: 0.897173947095871)
[150, 49], (train_loss: 2.3025848865509033, train error: 0.9005372524261475) , (test loss: 2.302585005760193, test error: 0.897173947095871)
[151, 49], (train_loss: 2.3025848865509033, train error: 0.9005662202835083) , (test loss: 2.302585005760193, test error: 0.897173947095871)
[152, 49], (train_loss: 2.3025848865509033, train error: 0.9005124568939209) , (test loss: 2.302585005760193, test error: 0.897173947095871)
[153, 49], (train_loss: 2.3025848865509033, train error: 0.9005579352378845) , (test loss: 2.302585005760193, test error: 0.897173947095871)
[154, 49], (train_loss: 2.3025848865509033, train error: 0.9005786180496216) , (test loss: 2.302585005760193, test error: 0.897173947095871)
[155, 49], (train_loss: 2.3025848865509033, train error: 0.9005496501922607) , (test loss: 2.302585005760193, test error: 0.897173947095871)
[156, 49], (train_loss: 2.3025848865509033, train error: 0.9005579352378845) , (test loss: 2.302585005760193, test error: 0.897173947095871)
[157, 49], (train_loss: 2.3025848865509033, train error: 0.9005124568939209) , (test loss: 2.302585005760193, test error: 0.897173947095871)
[158, 49], (train_loss: 2.3025848865509033, train error: 0.9005579352378845) , (test loss: 2.302585005760193, test error: 0.897173947095871)
[159, 49], (train_loss: 2.3025848865509033, train error: 0.9005579352378845) , (test loss: 2.302585005760193, test error: 0.897173947095871)
[160, 49], (train_loss: 2.3025848865509033, train error: 0.9005579352378845) , (test loss: 2.302585005760193, test error: 0.897173947095871)
[161, 49], (train_loss: 2.3025848865509033, train error: 0.9005414247512817) , (test loss: 2.302585005760193, test error: 0.897173947095871)
[162, 49], (train_loss: 2.3025848865509033, train error: 0.9005496501922607) , (test loss: 2.302585005760193, test error: 0.897173947095871)
[163, 49], (train_loss: 2.3025848865509033, train error: 0.9005621075630188) , (test loss: 2.302585005760193, test error: 0.897173947095871)
[164, 49], (train_loss: 2.3025848865509033, train error: 0.9004958868026733) , (test loss: 2.302585005760193, test error: 0.897173947095871)
[165, 49], (train_loss: 2.3025848865509033, train error: 0.9005041718482971) , (test loss: 2.302585005760193, test error: 0.897173947095871)
[166, 49], (train_loss: 2.3025848865509033, train error: 0.9005827307701111) , (test loss: 2.302585005760193, test error: 0.897173947095871)
[167, 49], (train_loss: 2.3025848865509033, train error: 0.9005206823348999) , (test loss: 2.302585005760193, test error: 0.897173947095871)
[168, 49], (train_loss: 2.3025848865509033, train error: 0.9005910158157349) , (test loss: 2.302585005760193, test error: 0.897173947095871)
[169, 49], (train_loss: 2.3025848865509033, train error: 0.900533139705658) , (test loss: 2.302585005760193, test error: 0.897173947095871)
[170, 49], (train_loss: 2.3025848865509033, train error: 0.9005165696144104) , (test loss: 2.302585005760193, test error: 0.897173947095871)
[171, 49], (train_loss: 2.3025848865509033, train error: 0.9004793763160706) , (test loss: 2.302585005760193, test error: 0.897173947095871)
[172, 49], (train_loss: 2.3025848865509033, train error: 0.9005745053291321) , (test loss: 2.302585005760193, test error: 0.897173947095871)
[173, 49], (train_loss: 2.3025848865509033, train error: 0.9005579352378845) , (test loss: 2.302585005760193, test error: 0.897173947095871)
[174, 49], (train_loss: 2.3025848865509033, train error: 0.9004876017570496) , (test loss: 2.302585005760193, test error: 0.897173947095871)
[175, 49], (train_loss: 2.3025848865509033, train error: 0.9005000591278076) , (test loss: 2.302585005760193, test error: 0.897173947095871)
[176, 49], (train_loss: 2.3025848865509033, train error: 0.9004793763160706) , (test loss: 2.302585005760193, test error: 0.897173947095871)
[177, 49], (train_loss: 2.3025848865509033, train error: 0.9005786180496216) , (test loss: 2.302585005760193, test error: 0.897173947095871)
[178, 49], (train_loss: 2.3025848865509033, train error: 0.9005703926086426) , (test loss: 2.302585005760193, test error: 0.897173947095871)
[179, 49], (train_loss: 2.3025848865509033, train error: 0.9004917144775391) , (test loss: 2.302585005760193, test error: 0.897173947095871)
[180, 49], (train_loss: 2.3025848865509033, train error: 0.9005579352378845) , (test loss: 2.302585005760193, test error: 0.897173947095871)
[181, 49], (train_loss: 2.3025848865509033, train error: 0.9005165696144104) , (test loss: 2.302585005760193, test error: 0.897173947095871)
[182, 49], (train_loss: 2.3025848865509033, train error: 0.9004669785499573) , (test loss: 2.302585005760193, test error: 0.897173947095871)
[183, 49], (train_loss: 2.3025848865509033, train error: 0.9005579352378845) , (test loss: 2.302585005760193, test error: 0.897173947095871)
[184, 49], (train_loss: 2.3025848865509033, train error: 0.9005165696144104) , (test loss: 2.302585005760193, test error: 0.897173947095871)
[185, 49], (train_loss: 2.3025848865509033, train error: 0.9005124568939209) , (test loss: 2.302585005760193, test error: 0.897173947095871)
[186, 49], (train_loss: 2.3025848865509033, train error: 0.9005455374717712) , (test loss: 2.302585005760193, test error: 0.897173947095871)
[187, 49], (train_loss: 2.3025848865509033, train error: 0.9005621075630188) , (test loss: 2.302585005760193, test error: 0.897173947095871)
[188, 49], (train_loss: 2.3025848865509033, train error: 0.9005455374717712) , (test loss: 2.302585005760193, test error: 0.897173947095871)
[189, 49], (train_loss: 2.3025848865509033, train error: 0.9005247950553894) , (test loss: 2.302585005760193, test error: 0.897173947095871)
[190, 49], (train_loss: 2.3025848865509033, train error: 0.9005868434906006) , (test loss: 2.302585005760193, test error: 0.897173947095871)
[191, 49], (train_loss: 2.3025848865509033, train error: 0.9005000591278076) , (test loss: 2.302585005760193, test error: 0.897173947095871)
[192, 49], (train_loss: 2.3025848865509033, train error: 0.9004834890365601) , (test loss: 2.302585005760193, test error: 0.897173947095871)
[193, 49], (train_loss: 2.3025848865509033, train error: 0.9005455374717712) , (test loss: 2.302585005760193, test error: 0.897173947095871)
[194, 49], (train_loss: 2.3025848865509033, train error: 0.9005414247512817) , (test loss: 2.302585005760193, test error: 0.897173947095871)
[195, 49], (train_loss: 2.3025848865509033, train error: 0.9005455374717712) , (test loss: 2.302585005760193, test error: 0.897173947095871)
[196, 49], (train_loss: 2.3025848865509033, train error: 0.9005041718482971) , (test loss: 2.302585005760193, test error: 0.897173947095871)
[197, 49], (train_loss: 2.3025848865509033, train error: 0.900533139705658) , (test loss: 2.302585005760193, test error: 0.897173947095871)
[198, 49], (train_loss: 2.3025848865509033, train error: 0.9005247950553894) , (test loss: 2.302585005760193, test error: 0.897173947095871)
[199, 49], (train_loss: 2.3025848865509033, train error: 0.9005414247512817) , (test loss: 2.302585005760193, test error: 0.897173947095871)
[200, 49], (train_loss: 2.3025848865509033, train error: 0.9005786180496216) , (test loss: 2.302585005760193, test error: 0.897173947095871)
[201, 49], (train_loss: 2.3025848865509033, train error: 0.9005206823348999) , (test loss: 2.302585005760193, test error: 0.897173947095871)
[202, 49], (train_loss: 2.3025848865509033, train error: 0.9005372524261475) , (test loss: 2.302585005760193, test error: 0.897173947095871)
[203, 49], (train_loss: 2.3025848865509033, train error: 0.9005662202835083) , (test loss: 2.302585005760193, test error: 0.897173947095871)
[204, 49], (train_loss: 2.3025848865509033, train error: 0.9004793763160706) , (test loss: 2.302585005760193, test error: 0.897173947095871)
[205, 49], (train_loss: 2.3025848865509033, train error: 0.9005165696144104) , (test loss: 2.302585005760193, test error: 0.897173947095871)
[206, 49], (train_loss: 2.3025848865509033, train error: 0.9005993008613586) , (test loss: 2.302585005760193, test error: 0.897173947095871)
[207, 49], (train_loss: 2.3025848865509033, train error: 0.9005579352378845) , (test loss: 2.302585005760193, test error: 0.897173947095871)
[208, 49], (train_loss: 2.3025848865509033, train error: 0.9005247950553894) , (test loss: 2.302585005760193, test error: 0.897173947095871)
[209, 49], (train_loss: 2.3025848865509033, train error: 0.9005662202835083) , (test loss: 2.302585005760193, test error: 0.897173947095871)
[210, 49], (train_loss: 2.3025848865509033, train error: 0.9005496501922607) , (test loss: 2.302585005760193, test error: 0.897173947095871)
[211, 49], (train_loss: 2.3025848865509033, train error: 0.9005537629127502) , (test loss: 2.302585005760193, test error: 0.897173947095871)
[212, 49], (train_loss: 2.3025848865509033, train error: 0.9005910158157349) , (test loss: 2.302585005760193, test error: 0.897173947095871)
[213, 49], (train_loss: 2.3025848865509033, train error: 0.9005083441734314) , (test loss: 2.302585005760193, test error: 0.897173947095871)
[214, 49], (train_loss: 2.3025848865509033, train error: 0.9005372524261475) , (test loss: 2.302585005760193, test error: 0.897173947095871)
[215, 49], (train_loss: 2.3025848865509033, train error: 0.9004958868026733) , (test loss: 2.302585005760193, test error: 0.897173947095871)
[216, 49], (train_loss: 2.3025848865509033, train error: 0.9004710912704468) , (test loss: 2.302585005760193, test error: 0.897173947095871)
[217, 49], (train_loss: 2.3025848865509033, train error: 0.9005662202835083) , (test loss: 2.302585005760193, test error: 0.897173947095871)
[218, 49], (train_loss: 2.3025848865509033, train error: 0.9005910158157349) , (test loss: 2.302585005760193, test error: 0.897173947095871)
[219, 49], (train_loss: 2.3025848865509033, train error: 0.9005247950553894) , (test loss: 2.302585005760193, test error: 0.897173947095871)
[220, 49], (train_loss: 2.3025848865509033, train error: 0.9005414247512817) , (test loss: 2.302585005760193, test error: 0.897173947095871)
[221, 49], (train_loss: 2.3025848865509033, train error: 0.9004752039909363) , (test loss: 2.302585005760193, test error: 0.897173947095871)
[222, 49], (train_loss: 2.3025848865509033, train error: 0.9005496501922607) , (test loss: 2.302585005760193, test error: 0.897173947095871)
[223, 49], (train_loss: 2.3025848865509033, train error: 0.9005041718482971) , (test loss: 2.302585005760193, test error: 0.897173947095871)
[224, 49], (train_loss: 2.3025848865509033, train error: 0.9005827307701111) , (test loss: 2.302585005760193, test error: 0.897173947095871)
[225, 49], (train_loss: 2.3025848865509033, train error: 0.9006158113479614) , (test loss: 2.302585005760193, test error: 0.897173947095871)
[226, 49], (train_loss: 2.3025848865509033, train error: 0.9005290269851685) , (test loss: 2.302585005760193, test error: 0.897173947095871)
[227, 49], (train_loss: 2.3025848865509033, train error: 0.9005827307701111) , (test loss: 2.302585005760193, test error: 0.897173947095871)
[228, 49], (train_loss: 2.3025848865509033, train error: 0.9004958868026733) , (test loss: 2.302585005760193, test error: 0.897173947095871)
[229, 49], (train_loss: 2.3025848865509033, train error: 0.9005455374717712) , (test loss: 2.302585005760193, test error: 0.897173947095871)
[230, 49], (train_loss: 2.3025848865509033, train error: 0.9005247950553894) , (test loss: 2.302585005760193, test error: 0.897173947095871)
[231, 49], (train_loss: 2.3025848865509033, train error: 0.9005745053291321) , (test loss: 2.302585005760193, test error: 0.897173947095871)
[232, 49], (train_loss: 2.3025848865509033, train error: 0.9004834890365601) , (test loss: 2.302585005760193, test error: 0.897173947095871)
[233, 49], (train_loss: 2.3025848865509033, train error: 0.9005868434906006) , (test loss: 2.302585005760193, test error: 0.897173947095871)
[234, 49], (train_loss: 2.3025848865509033, train error: 0.9005247950553894) , (test loss: 2.302585005760193, test error: 0.897173947095871)
[235, 49], (train_loss: 2.3025848865509033, train error: 0.9005579352378845) , (test loss: 2.302585005760193, test error: 0.897173947095871)
[236, 49], (train_loss: 2.3025848865509033, train error: 0.9005041718482971) , (test loss: 2.302585005760193, test error: 0.897173947095871)
[237, 49], (train_loss: 2.3025848865509033, train error: 0.9005372524261475) , (test loss: 2.302585005760193, test error: 0.897173947095871)
[238, 49], (train_loss: 2.3025848865509033, train error: 0.9005041718482971) , (test loss: 2.302585005760193, test error: 0.897173947095871)
[239, 49], (train_loss: 2.3025848865509033, train error: 0.9004876017570496) , (test loss: 2.302585005760193, test error: 0.897173947095871)
[240, 49], (train_loss: 2.3025848865509033, train error: 0.9005124568939209) , (test loss: 2.302585005760193, test error: 0.897173947095871)
[241, 49], (train_loss: 2.3025848865509033, train error: 0.9005579352378845) , (test loss: 2.302585005760193, test error: 0.897173947095871)
[242, 49], (train_loss: 2.3025848865509033, train error: 0.9005083441734314) , (test loss: 2.302585005760193, test error: 0.897173947095871)
[243, 49], (train_loss: 2.3025848865509033, train error: 0.9005455374717712) , (test loss: 2.302585005760193, test error: 0.897173947095871)
[244, 49], (train_loss: 2.3025848865509033, train error: 0.9005414247512817) , (test loss: 2.302585005760193, test error: 0.897173947095871)
[245, 49], (train_loss: 2.3025848865509033, train error: 0.9004876017570496) , (test loss: 2.302585005760193, test error: 0.897173947095871)
[246, 49], (train_loss: 2.3025848865509033, train error: 0.9005206823348999) , (test loss: 2.302585005760193, test error: 0.897173947095871)
[247, 49], (train_loss: 2.3025848865509033, train error: 0.9004834890365601) , (test loss: 2.302585005760193, test error: 0.897173947095871)
[248, 49], (train_loss: 2.3025848865509033, train error: 0.9005621075630188) , (test loss: 2.302585005760193, test error: 0.897173947095871)
[249, 49], (train_loss: 2.3025848865509033, train error: 0.9005827307701111) , (test loss: 2.302585005760193, test error: 0.897173947095871)
[250, 49], (train_loss: 2.3025848865509033, train error: 0.9005165696144104) , (test loss: 2.302585005760193, test error: 0.897173947095871)
[251, 49], (train_loss: 2.3025848865509033, train error: 0.9005455374717712) , (test loss: 2.302585005760193, test error: 0.897173947095871)
[252, 49], (train_loss: 2.3025848865509033, train error: 0.9004627466201782) , (test loss: 2.302585005760193, test error: 0.897173947095871)
[253, 49], (train_loss: 2.3025848865509033, train error: 0.9005372524261475) , (test loss: 2.302585005760193, test error: 0.897173947095871)
[254, 49], (train_loss: 2.3025848865509033, train error: 0.9005165696144104) , (test loss: 2.302585005760193, test error: 0.897173947095871)
[255, 49], (train_loss: 2.3025848865509033, train error: 0.90062415599823) , (test loss: 2.302585005760193, test error: 0.897173947095871)
[256, 49], (train_loss: 2.3025848865509033, train error: 0.9005537629127502) , (test loss: 2.302585005760193, test error: 0.897173947095871)
[257, 49], (train_loss: 2.3025848865509033, train error: 0.9004876017570496) , (test loss: 2.302585005760193, test error: 0.897173947095871)
[258, 49], (train_loss: 2.3025848865509033, train error: 0.9005206823348999) , (test loss: 2.302585005760193, test error: 0.897173947095871)
[259, 49], (train_loss: 2.3025848865509033, train error: 0.9005537629127502) , (test loss: 2.302585005760193, test error: 0.897173947095871)
[260, 49], (train_loss: 2.3025848865509033, train error: 0.9004752039909363) , (test loss: 2.302585005760193, test error: 0.897173947095871)
[261, 49], (train_loss: 2.3025848865509033, train error: 0.9005662202835083) , (test loss: 2.302585005760193, test error: 0.897173947095871)
[262, 49], (train_loss: 2.3025848865509033, train error: 0.9005290269851685) , (test loss: 2.302585005760193, test error: 0.897173947095871)
[263, 49], (train_loss: 2.3025848865509033, train error: 0.9005786180496216) , (test loss: 2.302585005760193, test error: 0.897173947095871)
[264, 49], (train_loss: 2.3025848865509033, train error: 0.9005165696144104) , (test loss: 2.302585005760193, test error: 0.897173947095871)
[265, 49], (train_loss: 2.3025848865509033, train error: 0.9005083441734314) , (test loss: 2.302585005760193, test error: 0.897173947095871)
[266, 49], (train_loss: 2.3025848865509033, train error: 0.9005247950553894) , (test loss: 2.302585005760193, test error: 0.897173947095871)
[267, 49], (train_loss: 2.3025848865509033, train error: 0.9005827307701111) , (test loss: 2.302585005760193, test error: 0.897173947095871)
[268, 49], (train_loss: 2.3025848865509033, train error: 0.9005579352378845) , (test loss: 2.302585005760193, test error: 0.897173947095871)
[269, 49], (train_loss: 2.3025848865509033, train error: 0.9005496501922607) , (test loss: 2.302585005760193, test error: 0.897173947095871)
[270, 49], (train_loss: 2.3025848865509033, train error: 0.9004710912704468) , (test loss: 2.302585005760193, test error: 0.897173947095871)
[271, 49], (train_loss: 2.3025848865509033, train error: 0.9005537629127502) , (test loss: 2.302585005760193, test error: 0.897173947095871)
[272, 49], (train_loss: 2.3025848865509033, train error: 0.9005579352378845) , (test loss: 2.302585005760193, test error: 0.897173947095871)
[273, 49], (train_loss: 2.3025848865509033, train error: 0.9005786180496216) , (test loss: 2.302585005760193, test error: 0.897173947095871)
[274, 49], (train_loss: 2.3025848865509033, train error: 0.9005247950553894) , (test loss: 2.302585005760193, test error: 0.897173947095871)
[275, 49], (train_loss: 2.3025848865509033, train error: 0.9004710912704468) , (test loss: 2.302585005760193, test error: 0.897173947095871)
[276, 49], (train_loss: 2.3025848865509033, train error: 0.9005247950553894) , (test loss: 2.302585005760193, test error: 0.897173947095871)
[277, 49], (train_loss: 2.3025848865509033, train error: 0.9005496501922607) , (test loss: 2.302585005760193, test error: 0.897173947095871)
[278, 49], (train_loss: 2.3025848865509033, train error: 0.9005206823348999) , (test loss: 2.302585005760193, test error: 0.897173947095871)
[279, 49], (train_loss: 2.3025848865509033, train error: 0.9005910158157349) , (test loss: 2.302585005760193, test error: 0.897173947095871)
[280, 49], (train_loss: 2.3025848865509033, train error: 0.9005868434906006) , (test loss: 2.302585005760193, test error: 0.897173947095871)
[281, 49], (train_loss: 2.3025848865509033, train error: 0.9005041718482971) , (test loss: 2.302585005760193, test error: 0.897173947095871)
[282, 49], (train_loss: 2.3025848865509033, train error: 0.9005247950553894) , (test loss: 2.302585005760193, test error: 0.897173947095871)
[283, 49], (train_loss: 2.3025848865509033, train error: 0.9005455374717712) , (test loss: 2.302585005760193, test error: 0.897173947095871)
[284, 49], (train_loss: 2.3025848865509033, train error: 0.9005247950553894) , (test loss: 2.302585005760193, test error: 0.897173947095871)
[285, 49], (train_loss: 2.3025848865509033, train error: 0.9005827307701111) , (test loss: 2.302585005760193, test error: 0.897173947095871)
[286, 49], (train_loss: 2.3025848865509033, train error: 0.9005000591278076) , (test loss: 2.302585005760193, test error: 0.897173947095871)
[287, 49], (train_loss: 2.3025848865509033, train error: 0.9005537629127502) , (test loss: 2.302585005760193, test error: 0.897173947095871)
[288, 49], (train_loss: 2.3025848865509033, train error: 0.9005206823348999) , (test loss: 2.302585005760193, test error: 0.897173947095871)
[289, 49], (train_loss: 2.3025848865509033, train error: 0.9005993008613586) , (test loss: 2.302585005760193, test error: 0.897173947095871)
[290, 49], (train_loss: 2.3025848865509033, train error: 0.9005496501922607) , (test loss: 2.302585005760193, test error: 0.897173947095871)
[291, 49], (train_loss: 2.3025848865509033, train error: 0.9005537629127502) , (test loss: 2.302585005760193, test error: 0.897173947095871)
[292, 49], (train_loss: 2.3025848865509033, train error: 0.9005703926086426) , (test loss: 2.302585005760193, test error: 0.897173947095871)
[293, 49], (train_loss: 2.3025848865509033, train error: 0.9005496501922607) , (test loss: 2.302585005760193, test error: 0.897173947095871)
[294, 49], (train_loss: 2.3025848865509033, train error: 0.9005455374717712) , (test loss: 2.302585005760193, test error: 0.897173947095871)
[295, 49], (train_loss: 2.3025848865509033, train error: 0.9005372524261475) , (test loss: 2.302585005760193, test error: 0.897173947095871)
[296, 49], (train_loss: 2.3025848865509033, train error: 0.9005083441734314) , (test loss: 2.302585005760193, test error: 0.897173947095871)
[297, 49], (train_loss: 2.3025848865509033, train error: 0.9005455374717712) , (test loss: 2.302585005760193, test error: 0.897173947095871)
[298, 49], (train_loss: 2.3025848865509033, train error: 0.9004669785499573) , (test loss: 2.302585005760193, test error: 0.897173947095871)
[299, 49], (train_loss: 2.3025848865509033, train error: 0.9005124568939209) , (test loss: 2.302585005760193, test error: 0.897173947095871)
[300, 49], (train_loss: 2.3025848865509033, train error: 0.9005124568939209) , (test loss: 2.302585005760193, test error: 0.897173947095871)
[301, 49], (train_loss: 2.3025848865509033, train error: 0.9005000591278076) , (test loss: 2.302585005760193, test error: 0.897173947095871)
[302, 49], (train_loss: 2.3025848865509033, train error: 0.9005372524261475) , (test loss: 2.302585005760193, test error: 0.897173947095871)
[303, 49], (train_loss: 2.3025848865509033, train error: 0.9004876017570496) , (test loss: 2.302585005760193, test error: 0.897173947095871)
[304, 49], (train_loss: 2.3025848865509033, train error: 0.9005247950553894) , (test loss: 2.302585005760193, test error: 0.897173947095871)
[305, 49], (train_loss: 2.3025848865509033, train error: 0.9004958868026733) , (test loss: 2.302585005760193, test error: 0.897173947095871)
[306, 49], (train_loss: 2.3025848865509033, train error: 0.9005247950553894) , (test loss: 2.302585005760193, test error: 0.897173947095871)
[307, 49], (train_loss: 2.3025848865509033, train error: 0.9006116986274719) , (test loss: 2.302585005760193, test error: 0.897173947095871)
[308, 49], (train_loss: 2.3025848865509033, train error: 0.9005290269851685) , (test loss: 2.302585005760193, test error: 0.897173947095871)
[309, 49], (train_loss: 2.3025848865509033, train error: 0.9005703926086426) , (test loss: 2.302585005760193, test error: 0.897173947095871)
[310, 49], (train_loss: 2.3025848865509033, train error: 0.9005124568939209) , (test loss: 2.302585005760193, test error: 0.897173947095871)
[311, 49], (train_loss: 2.3025848865509033, train error: 0.9005041718482971) , (test loss: 2.302585005760193, test error: 0.897173947095871)
[312, 49], (train_loss: 2.3025848865509033, train error: 0.9006075859069824) , (test loss: 2.302585005760193, test error: 0.897173947095871)
[313, 49], (train_loss: 2.3025848865509033, train error: 0.9006075859069824) , (test loss: 2.302585005760193, test error: 0.897173947095871)
[314, 49], (train_loss: 2.3025848865509033, train error: 0.9005745053291321) , (test loss: 2.302585005760193, test error: 0.897173947095871)
[315, 49], (train_loss: 2.3025848865509033, train error: 0.9005290269851685) , (test loss: 2.302585005760193, test error: 0.897173947095871)
[316, 49], (train_loss: 2.3025848865509033, train error: 0.9005537629127502) , (test loss: 2.302585005760193, test error: 0.897173947095871)
[317, 49], (train_loss: 2.3025848865509033, train error: 0.9005537629127502) , (test loss: 2.302585005760193, test error: 0.897173947095871)
[318, 49], (train_loss: 2.3025848865509033, train error: 0.9005621075630188) , (test loss: 2.302585005760193, test error: 0.897173947095871)
[319, 49], (train_loss: 2.3025848865509033, train error: 0.9005786180496216) , (test loss: 2.302585005760193, test error: 0.897173947095871)
[320, 49], (train_loss: 2.3025848865509033, train error: 0.9004917144775391) , (test loss: 2.302585005760193, test error: 0.897173947095871)
[321, 49], (train_loss: 2.3025848865509033, train error: 0.9005868434906006) , (test loss: 2.302585005760193, test error: 0.897173947095871)
[322, 49], (train_loss: 2.3025848865509033, train error: 0.9005455374717712) , (test loss: 2.302585005760193, test error: 0.897173947095871)
[323, 49], (train_loss: 2.3025848865509033, train error: 0.9005165696144104) , (test loss: 2.302585005760193, test error: 0.897173947095871)
[324, 49], (train_loss: 2.3025848865509033, train error: 0.9005703926086426) , (test loss: 2.302585005760193, test error: 0.897173947095871)
[325, 49], (train_loss: 2.3025848865509033, train error: 0.9005083441734314) , (test loss: 2.302585005760193, test error: 0.897173947095871)
[326, 49], (train_loss: 2.3025848865509033, train error: 0.9005868434906006) , (test loss: 2.302585005760193, test error: 0.897173947095871)
[327, 49], (train_loss: 2.3025848865509033, train error: 0.9006324410438538) , (test loss: 2.302585005760193, test error: 0.897173947095871)
[328, 49], (train_loss: 2.3025848865509033, train error: 0.9005000591278076) , (test loss: 2.302585005760193, test error: 0.897173947095871)
[329, 49], (train_loss: 2.3025848865509033, train error: 0.9005206823348999) , (test loss: 2.302585005760193, test error: 0.897173947095871)
[330, 49], (train_loss: 2.3025848865509033, train error: 0.9005745053291321) , (test loss: 2.302585005760193, test error: 0.897173947095871)
[331, 49], (train_loss: 2.3025848865509033, train error: 0.9005951881408691) , (test loss: 2.302585005760193, test error: 0.897173947095871)
[332, 49], (train_loss: 2.3025848865509033, train error: 0.9005206823348999) , (test loss: 2.302585005760193, test error: 0.897173947095871)
[333, 49], (train_loss: 2.3025848865509033, train error: 0.9005124568939209) , (test loss: 2.302585005760193, test error: 0.897173947095871)
[334, 49], (train_loss: 2.3025848865509033, train error: 0.9005621075630188) , (test loss: 2.302585005760193, test error: 0.897173947095871)
[335, 49], (train_loss: 2.3025848865509033, train error: 0.9005290269851685) , (test loss: 2.302585005760193, test error: 0.897173947095871)
[336, 49], (train_loss: 2.3025848865509033, train error: 0.9005414247512817) , (test loss: 2.302585005760193, test error: 0.897173947095871)
[337, 49], (train_loss: 2.3025848865509033, train error: 0.9004545211791992) , (test loss: 2.302585005760193, test error: 0.897173947095871)
[338, 49], (train_loss: 2.3025848865509033, train error: 0.9005537629127502) , (test loss: 2.302585005760193, test error: 0.897173947095871)
[339, 49], (train_loss: 2.3025848865509033, train error: 0.900533139705658) , (test loss: 2.302585005760193, test error: 0.897173947095871)
[340, 49], (train_loss: 2.3025848865509033, train error: 0.9005496501922607) , (test loss: 2.302585005760193, test error: 0.897173947095871)
[341, 49], (train_loss: 2.3025848865509033, train error: 0.9005372524261475) , (test loss: 2.302585005760193, test error: 0.897173947095871)
[342, 49], (train_loss: 2.3025848865509033, train error: 0.9005414247512817) , (test loss: 2.302585005760193, test error: 0.897173947095871)
[343, 49], (train_loss: 2.3025848865509033, train error: 0.9005041718482971) , (test loss: 2.302585005760193, test error: 0.897173947095871)
[344, 49], (train_loss: 2.3025848865509033, train error: 0.9005537629127502) , (test loss: 2.302585005760193, test error: 0.897173947095871)
[345, 49], (train_loss: 2.3025848865509033, train error: 0.9005455374717712) , (test loss: 2.302585005760193, test error: 0.897173947095871)
[346, 49], (train_loss: 2.3025848865509033, train error: 0.9006282687187195) , (test loss: 2.302585005760193, test error: 0.897173947095871)
[347, 49], (train_loss: 2.3025848865509033, train error: 0.9005165696144104) , (test loss: 2.302585005760193, test error: 0.897173947095871)
[348, 49], (train_loss: 2.3025848865509033, train error: 0.9005910158157349) , (test loss: 2.302585005760193, test error: 0.897173947095871)
[349, 49], (train_loss: 2.3025848865509033, train error: 0.9005372524261475) , (test loss: 2.302585005760193, test error: 0.897173947095871)
[350, 49], (train_loss: 2.3025848865509033, train error: 0.9005455374717712) , (test loss: 2.302585005760193, test error: 0.897173947095871)
[351, 49], (train_loss: 2.3025848865509033, train error: 0.9005579352378845) , (test loss: 2.302585005760193, test error: 0.897173947095871)
[352, 49], (train_loss: 2.3025848865509033, train error: 0.9005579352378845) , (test loss: 2.302585005760193, test error: 0.897173947095871)
[353, 49], (train_loss: 2.3025848865509033, train error: 0.9005496501922607) , (test loss: 2.302585005760193, test error: 0.897173947095871)
[354, 49], (train_loss: 2.3025848865509033, train error: 0.9005247950553894) , (test loss: 2.302585005760193, test error: 0.897173947095871)
[355, 49], (train_loss: 2.3025848865509033, train error: 0.9005868434906006) , (test loss: 2.302585005760193, test error: 0.897173947095871)
[356, 49], (train_loss: 2.3025848865509033, train error: 0.9005868434906006) , (test loss: 2.302585005760193, test error: 0.897173947095871)
[357, 49], (train_loss: 2.3025848865509033, train error: 0.9005827307701111) , (test loss: 2.302585005760193, test error: 0.897173947095871)
[358, 49], (train_loss: 2.3025848865509033, train error: 0.9005041718482971) , (test loss: 2.302585005760193, test error: 0.897173947095871)
[359, 49], (train_loss: 2.3025848865509033, train error: 0.900533139705658) , (test loss: 2.302585005760193, test error: 0.897173947095871)
[360, 49], (train_loss: 2.3025848865509033, train error: 0.9005662202835083) , (test loss: 2.302585005760193, test error: 0.897173947095871)
[361, 49], (train_loss: 2.3025848865509033, train error: 0.9005537629127502) , (test loss: 2.302585005760193, test error: 0.897173947095871)
[362, 49], (train_loss: 2.3025848865509033, train error: 0.9005455374717712) , (test loss: 2.302585005760193, test error: 0.897173947095871)
[363, 49], (train_loss: 2.3025848865509033, train error: 0.9005247950553894) , (test loss: 2.302585005760193, test error: 0.897173947095871)
[364, 49], (train_loss: 2.3025848865509033, train error: 0.9005703926086426) , (test loss: 2.302585005760193, test error: 0.897173947095871)
[365, 49], (train_loss: 2.3025848865509033, train error: 0.9004255533218384) , (test loss: 2.302585005760193, test error: 0.897173947095871)
[366, 49], (train_loss: 2.3025848865509033, train error: 0.9005745053291321) , (test loss: 2.302585005760193, test error: 0.897173947095871)
[367, 49], (train_loss: 2.3025848865509033, train error: 0.9005745053291321) , (test loss: 2.302585005760193, test error: 0.897173947095871)
[368, 49], (train_loss: 2.3025848865509033, train error: 0.9004917144775391) , (test loss: 2.302585005760193, test error: 0.897173947095871)
[369, 49], (train_loss: 2.3025848865509033, train error: 0.9005786180496216) , (test loss: 2.302585005760193, test error: 0.897173947095871)
[370, 49], (train_loss: 2.3025848865509033, train error: 0.9005951881408691) , (test loss: 2.302585005760193, test error: 0.897173947095871)
[371, 49], (train_loss: 2.3025848865509033, train error: 0.9005083441734314) , (test loss: 2.302585005760193, test error: 0.897173947095871)
[372, 49], (train_loss: 2.3025848865509033, train error: 0.9005621075630188) , (test loss: 2.302585005760193, test error: 0.897173947095871)
[373, 49], (train_loss: 2.3025848865509033, train error: 0.9004834890365601) , (test loss: 2.302585005760193, test error: 0.897173947095871)
[374, 49], (train_loss: 2.3025848865509033, train error: 0.9005579352378845) , (test loss: 2.302585005760193, test error: 0.897173947095871)
[375, 49], (train_loss: 2.3025848865509033, train error: 0.9005414247512817) , (test loss: 2.302585005760193, test error: 0.897173947095871)
[376, 49], (train_loss: 2.3025848865509033, train error: 0.9005124568939209) , (test loss: 2.302585005760193, test error: 0.897173947095871)
[377, 49], (train_loss: 2.3025848865509033, train error: 0.9005247950553894) , (test loss: 2.302585005760193, test error: 0.897173947095871)
[378, 49], (train_loss: 2.3025848865509033, train error: 0.9005455374717712) , (test loss: 2.302585005760193, test error: 0.897173947095871)
[379, 49], (train_loss: 2.3025848865509033, train error: 0.9005496501922607) , (test loss: 2.302585005760193, test error: 0.897173947095871)
[380, 49], (train_loss: 2.3025848865509033, train error: 0.9005414247512817) , (test loss: 2.302585005760193, test error: 0.897173947095871)
[381, 49], (train_loss: 2.3025848865509033, train error: 0.900533139705658) , (test loss: 2.302585005760193, test error: 0.897173947095871)
[382, 49], (train_loss: 2.3025848865509033, train error: 0.9005290269851685) , (test loss: 2.302585005760193, test error: 0.897173947095871)
[383, 49], (train_loss: 2.3025848865509033, train error: 0.9005579352378845) , (test loss: 2.302585005760193, test error: 0.897173947095871)
[384, 49], (train_loss: 2.3025848865509033, train error: 0.9005455374717712) , (test loss: 2.302585005760193, test error: 0.897173947095871)
[385, 49], (train_loss: 2.3025848865509033, train error: 0.9005745053291321) , (test loss: 2.302585005760193, test error: 0.897173947095871)
[386, 49], (train_loss: 2.3025848865509033, train error: 0.9005662202835083) , (test loss: 2.302585005760193, test error: 0.897173947095871)
[387, 49], (train_loss: 2.3025848865509033, train error: 0.9005951881408691) , (test loss: 2.302585005760193, test error: 0.897173947095871)
[388, 49], (train_loss: 2.3025848865509033, train error: 0.9005496501922607) , (test loss: 2.302585005760193, test error: 0.897173947095871)
[389, 49], (train_loss: 2.3025848865509033, train error: 0.9005041718482971) , (test loss: 2.302585005760193, test error: 0.897173947095871)
[390, 49], (train_loss: 2.3025848865509033, train error: 0.9004876017570496) , (test loss: 2.302585005760193, test error: 0.897173947095871)
[391, 49], (train_loss: 2.3025848865509033, train error: 0.9006075859069824) , (test loss: 2.302585005760193, test error: 0.897173947095871)
[392, 49], (train_loss: 2.3025848865509033, train error: 0.9005290269851685) , (test loss: 2.302585005760193, test error: 0.897173947095871)
[393, 49], (train_loss: 2.3025848865509033, train error: 0.9005455374717712) , (test loss: 2.302585005760193, test error: 0.897173947095871)
[394, 49], (train_loss: 2.3025848865509033, train error: 0.9005041718482971) , (test loss: 2.302585005760193, test error: 0.897173947095871)
[395, 49], (train_loss: 2.3025848865509033, train error: 0.9004958868026733) , (test loss: 2.302585005760193, test error: 0.897173947095871)
[396, 49], (train_loss: 2.3025848865509033, train error: 0.9005455374717712) , (test loss: 2.302585005760193, test error: 0.897173947095871)
[397, 49], (train_loss: 2.3025848865509033, train error: 0.9005662202835083) , (test loss: 2.302585005760193, test error: 0.897173947095871)
[398, 49], (train_loss: 2.3025848865509033, train error: 0.9005000591278076) , (test loss: 2.302585005760193, test error: 0.897173947095871)
[399, 49], (train_loss: 2.3025848865509033, train error: 0.9005910158157349) , (test loss: 2.302585005760193, test error: 0.897173947095871)
train_loss_epoch=2.3025848865509033 
train_error_epoch=0.9005910158157349 
test_loss_epoch=2.302585005760193 
test_error_epoch=0.897173947095871
expt_path=./test_runs_flatness5_ProperOriginalExpt/flatness_July_label_corrupt_prob_1.0_exptlabel_RL_24_units_3_layers_only_1st_layer_BIAS_True_data_set_cifar10_reg_param_1.0_means__stds__batch_size_train_1024_lr_0.01_momentum_0.9_epochs_400_scheduler_milestones_200,250,300_gamma_1.0
--- 1870.4601082801819 seconds training ---
--- 31.17433513800303 minutes training ---
--- 0.5195722523000506 hours training ---

nb_epochs = 400
Finished Training, hours=0.5225682822863261
seed = 56563553405112796, githash = b'01ee061'
ALL other_stats={'seconds': 1881.245816230774, 'minutes': 31.354096937179566, 'hours': 0.5225682822863261, 'seconds_training': 1870.4601082801819, 'minutes_training': 31.17433513800303, 'hours_training': 0.5195722523000506, 'seconds_setup': 10.785707950592041, 'minutes_setup': 0.179761799176534, 'hours_setup': 0.0029960299862755667, 'overparametrized': True, 'nb_params': 154464, 'milestones': [200, 250, 300], 'gamma': 1.0, 'nb_epochs': 400, 'batch_size': 1024, 'mdl': 'GBoixNet', 'lr': 0.01, 'momentum': 0.9, 'seed': 56563553405112796, 'githash': b'01ee061', 'only_1st_layer_bias': True, 'means': [], 'stds': [], 'do_bn': False, 'sj': 1357, 'satid': 7, 'hostname': 'polestar-old', 'label_corrupt_prob': 1.0}
storing results!
saving final net mdl!

